<?xml version="1.0" encoding="UTF-8"?>
<coverage generated="1520769191724" clover="3.2.0">
  <project timestamp="1520769191724" name="All files">
    <metrics statements="218" coveredstatements="90" conditionals="144" coveredconditionals="35" methods="88" coveredmethods="39" elements="450" coveredelements="164" complexity="0" loc="218" ncloc="218" packages="23" files="52" classes="52">
      <package name="src">
        <metrics statements="27" coveredstatements="1" conditionals="29" coveredconditionals="0" methods="16" coveredmethods="0"/>
        <file name="index.js" path="/Users/HSM/Documents/dev/privat/vacation-planner-react/client/src/index.js">
          <metrics statements="11" coveredstatements="0" conditionals="8" coveredconditionals="0" methods="1" coveredmethods="0"/>
          <line num="1" count="0" type="stmt"/>
          <line num="2" count="0" type="stmt"/>
          <line num="3" count="0" type="stmt"/>
          <line num="4" count="0" type="stmt"/>
          <line num="5" count="0" type="stmt"/>
          <line num="7" count="0" type="stmt"/>
          <line num="8" count="0" type="cond" truecount="0" falsecount="4"/>
          <line num="10" count="0" type="stmt"/>
          <line num="16" count="0" type="stmt"/>
          <line num="23" count="0" type="cond" truecount="0" falsecount="2"/>
          <line num="24" count="0" type="stmt"/>
        </file>
        <file name="registerServiceWorker.js" path="/Users/HSM/Documents/dev/privat/vacation-planner-react/client/src/registerServiceWorker.js">
          <metrics statements="15" coveredstatements="0" conditionals="21" coveredconditionals="0" methods="15" coveredmethods="0"/>
          <line num="1" count="0" type="stmt"/>
          <line num="21" count="0" type="stmt"/>
          <line num="118" count="0" type="cond" truecount="0" falsecount="3"/>
          <line num="120" count="0" type="cond" truecount="0" falsecount="4"/>
          <line num="121" count="0" type="cond" truecount="0" falsecount="2"/>
          <line num="124" count="0" type="cond" truecount="0" falsecount="2"/>
          <line num="125" count="0" type="stmt"/>
          <line num="127" count="0" type="stmt"/>
          <line num="128" count="0" type="cond" truecount="0" falsecount="4"/>
          <line num="132" count="0" type="stmt"/>
          <line num="135" count="0" type="stmt"/>
          <line num="136" count="0" type="stmt"/>
          <line num="137" count="0" type="cond" truecount="0" falsecount="4"/>
          <line num="138" count="0" type="stmt"/>
          <line num="139" count="0" type="cond" truecount="0" falsecount="2"/>
        </file>
        <file name="setupTests.js" path="/Users/HSM/Documents/dev/privat/vacation-planner-react/client/src/setupTests.js">
          <metrics statements="1" coveredstatements="1" conditionals="0" coveredconditionals="0" methods="0" coveredmethods="0"/>
          <line num="4" count="21" type="stmt"/>
        </file>
      </package>
      <package name="src.actions">
        <metrics statements="11" coveredstatements="8" conditionals="0" coveredconditionals="0" methods="4" coveredmethods="0"/>
        <file name="index.js" path="/Users/HSM/Documents/dev/privat/vacation-planner-react/client/src/actions/index.js">
          <metrics statements="5" coveredstatements="2" conditionals="0" coveredconditionals="0" methods="4" coveredmethods="0"/>
          <line num="5" count="1" type="stmt"/>
          <line num="6" count="0" type="stmt"/>
          <line num="10" count="0" type="stmt"/>
          <line num="16" count="1" type="stmt"/>
          <line num="17" count="0" type="stmt"/>
        </file>
        <file name="types.js" path="/Users/HSM/Documents/dev/privat/vacation-planner-react/client/src/actions/types.js">
          <metrics statements="6" coveredstatements="6" conditionals="0" coveredconditionals="0" methods="0" coveredmethods="0"/>
          <line num="1" count="6" type="stmt"/>
          <line num="3" count="6" type="stmt"/>
          <line num="4" count="6" type="stmt"/>
          <line num="6" count="6" type="stmt"/>
          <line num="7" count="6" type="stmt"/>
          <line num="9" count="6" type="stmt"/>
        </file>
      </package>
      <package name="src.components.App">
        <metrics statements="3" coveredstatements="2" conditionals="4" coveredconditionals="0" methods="3" coveredmethods="2"/>
        <file name="App.js" path="/Users/HSM/Documents/dev/privat/vacation-planner-react/client/src/components/App/App.js">
          <metrics statements="2" coveredstatements="2" conditionals="0" coveredconditionals="0" methods="2" coveredmethods="2"/>
          <line num="24" count="1" type="stmt"/>
          <line num="28" count="1" type="stmt"/>
        </file>
        <file name="index.js" path="/Users/HSM/Documents/dev/privat/vacation-planner-react/client/src/components/App/index.js">
          <metrics statements="1" coveredstatements="0" conditionals="4" coveredconditionals="0" methods="1" coveredmethods="0"/>
          <line num="1" count="0" type="cond" truecount="0" falsecount="4"/>
        </file>
      </package>
      <package name="src.components.Button">
        <metrics statements="2" coveredstatements="2" conditionals="0" coveredconditionals="0" methods="1" coveredmethods="1"/>
        <file name="Button.js" path="/Users/HSM/Documents/dev/privat/vacation-planner-react/client/src/components/Button/Button.js">
          <metrics statements="2" coveredstatements="2" conditionals="0" coveredconditionals="0" methods="1" coveredmethods="1"/>
          <line num="16" count="5" type="stmt"/>
          <line num="17" count="1" type="stmt"/>
        </file>
        <file name="index.js" path="/Users/HSM/Documents/dev/privat/vacation-planner-react/client/src/components/Button/index.js">
          <metrics statements="0" coveredstatements="0" conditionals="0" coveredconditionals="0" methods="0" coveredmethods="0"/>
        </file>
      </package>
      <package name="src.components.ButtonLink">
        <metrics statements="2" coveredstatements="2" conditionals="0" coveredconditionals="0" methods="1" coveredmethods="1"/>
        <file name="ButtonLink.js" path="/Users/HSM/Documents/dev/privat/vacation-planner-react/client/src/components/ButtonLink/ButtonLink.js">
          <metrics statements="2" coveredstatements="2" conditionals="0" coveredconditionals="0" methods="1" coveredmethods="1"/>
          <line num="16" count="5" type="stmt"/>
          <line num="17" count="1" type="stmt"/>
        </file>
        <file name="index.js" path="/Users/HSM/Documents/dev/privat/vacation-planner-react/client/src/components/ButtonLink/index.js">
          <metrics statements="0" coveredstatements="0" conditionals="0" coveredconditionals="0" methods="0" coveredmethods="0"/>
        </file>
      </package>
      <package name="src.components.Flash">
        <metrics statements="14" coveredstatements="5" conditionals="6" coveredconditionals="1" methods="6" coveredmethods="2"/>
        <file name="Flash.js" path="/Users/HSM/Documents/dev/privat/vacation-planner-react/client/src/components/Flash/Flash.js">
          <metrics statements="6" coveredstatements="4" conditionals="2" coveredconditionals="1" methods="3" coveredmethods="2"/>
          <line num="22" count="1" type="cond" truecount="1" falsecount="1"/>
          <line num="23" count="0" type="stmt"/>
          <line num="35" count="1" type="stmt"/>
          <line num="39" count="1" type="stmt"/>
          <line num="43" count="2" type="stmt"/>
          <line num="44" count="0" type="stmt"/>
        </file>
        <file name="flashActions.js" path="/Users/HSM/Documents/dev/privat/vacation-planner-react/client/src/components/Flash/flashActions.js">
          <metrics statements="2" coveredstatements="1" conditionals="0" coveredconditionals="0" methods="2" coveredmethods="0"/>
          <line num="3" count="2" type="stmt"/>
          <line num="4" count="0" type="stmt"/>
        </file>
        <file name="flashReducer.js" path="/Users/HSM/Documents/dev/privat/vacation-planner-react/client/src/components/Flash/flashReducer.js">
          <metrics statements="6" coveredstatements="0" conditionals="4" coveredconditionals="0" methods="1" coveredmethods="0"/>
          <line num="1" count="0" type="stmt"/>
          <line num="4" count="0" type="cond" truecount="0" falsecount="3"/>
          <line num="6" count="0" type="stmt"/>
          <line num="9" count="0" type="stmt"/>
          <line num="12" count="0" type="stmt"/>
          <line num="14" count="0" type="stmt"/>
        </file>
        <file name="index.js" path="/Users/HSM/Documents/dev/privat/vacation-planner-react/client/src/components/Flash/index.js">
          <metrics statements="0" coveredstatements="0" conditionals="0" coveredconditionals="0" methods="0" coveredmethods="0"/>
        </file>
      </package>
      <package name="src.components.Form">
        <metrics statements="2" coveredstatements="1" conditionals="6" coveredconditionals="0" methods="1" coveredmethods="0"/>
        <file name="Form.js" path="/Users/HSM/Documents/dev/privat/vacation-planner-react/client/src/components/Form/Form.js">
          <metrics statements="2" coveredstatements="1" conditionals="6" coveredconditionals="0" methods="1" coveredmethods="0"/>
          <line num="17" count="4" type="stmt"/>
          <line num="25" count="0" type="stmt"/>
        </file>
        <file name="index.js" path="/Users/HSM/Documents/dev/privat/vacation-planner-react/client/src/components/Form/index.js">
          <metrics statements="0" coveredstatements="0" conditionals="0" coveredconditionals="0" methods="0" coveredmethods="0"/>
        </file>
      </package>
      <package name="src.components.FormCheckbox">
        <metrics statements="2" coveredstatements="2" conditionals="2" coveredconditionals="2" methods="1" coveredmethods="1"/>
        <file name="FormCheckbox.js" path="/Users/HSM/Documents/dev/privat/vacation-planner-react/client/src/components/FormCheckbox/FormCheckbox.js">
          <metrics statements="2" coveredstatements="2" conditionals="2" coveredconditionals="2" methods="1" coveredmethods="1"/>
          <line num="14" count="3" type="stmt"/>
          <line num="15" count="1" type="stmt"/>
        </file>
        <file name="index.js" path="/Users/HSM/Documents/dev/privat/vacation-planner-react/client/src/components/FormCheckbox/index.js">
          <metrics statements="0" coveredstatements="0" conditionals="0" coveredconditionals="0" methods="0" coveredmethods="0"/>
        </file>
      </package>
      <package name="src.components.FormInput">
        <metrics statements="2" coveredstatements="2" conditionals="6" coveredconditionals="4" methods="1" coveredmethods="1"/>
        <file name="Input.js" path="/Users/HSM/Documents/dev/privat/vacation-planner-react/client/src/components/FormInput/Input.js">
          <metrics statements="2" coveredstatements="2" conditionals="6" coveredconditionals="4" methods="1" coveredmethods="1"/>
          <line num="18" count="5" type="stmt"/>
          <line num="19" count="1" type="stmt"/>
        </file>
        <file name="index.js" path="/Users/HSM/Documents/dev/privat/vacation-planner-react/client/src/components/FormInput/index.js">
          <metrics statements="0" coveredstatements="0" conditionals="0" coveredconditionals="0" methods="0" coveredmethods="0"/>
        </file>
      </package>
      <package name="src.components.H1">
        <metrics statements="2" coveredstatements="2" conditionals="0" coveredconditionals="0" methods="1" coveredmethods="1"/>
        <file name="H1.js" path="/Users/HSM/Documents/dev/privat/vacation-planner-react/client/src/components/H1/H1.js">
          <metrics statements="2" coveredstatements="2" conditionals="0" coveredconditionals="0" methods="1" coveredmethods="1"/>
          <line num="14" count="5" type="stmt"/>
          <line num="15" count="1" type="stmt"/>
        </file>
        <file name="index.js" path="/Users/HSM/Documents/dev/privat/vacation-planner-react/client/src/components/H1/index.js">
          <metrics statements="0" coveredstatements="0" conditionals="0" coveredconditionals="0" methods="0" coveredmethods="0"/>
        </file>
      </package>
      <package name="src.components.H2">
        <metrics statements="2" coveredstatements="2" conditionals="0" coveredconditionals="0" methods="1" coveredmethods="1"/>
        <file name="H2.js" path="/Users/HSM/Documents/dev/privat/vacation-planner-react/client/src/components/H2/H2.js">
          <metrics statements="2" coveredstatements="2" conditionals="0" coveredconditionals="0" methods="1" coveredmethods="1"/>
          <line num="13" count="5" type="stmt"/>
          <line num="14" count="1" type="stmt"/>
        </file>
        <file name="index.js" path="/Users/HSM/Documents/dev/privat/vacation-planner-react/client/src/components/H2/index.js">
          <metrics statements="0" coveredstatements="0" conditionals="0" coveredconditionals="0" methods="0" coveredmethods="0"/>
        </file>
      </package>
      <package name="src.components.H3">
        <metrics statements="2" coveredstatements="2" conditionals="0" coveredconditionals="0" methods="1" coveredmethods="1"/>
        <file name="H3.js" path="/Users/HSM/Documents/dev/privat/vacation-planner-react/client/src/components/H3/H3.js">
          <metrics statements="2" coveredstatements="2" conditionals="0" coveredconditionals="0" methods="1" coveredmethods="1"/>
          <line num="14" count="3" type="stmt"/>
          <line num="15" count="1" type="stmt"/>
        </file>
        <file name="index.js" path="/Users/HSM/Documents/dev/privat/vacation-planner-react/client/src/components/H3/index.js">
          <metrics statements="0" coveredstatements="0" conditionals="0" coveredconditionals="0" methods="0" coveredmethods="0"/>
        </file>
      </package>
      <package name="src.components.Icon">
        <metrics statements="2" coveredstatements="2" conditionals="0" coveredconditionals="0" methods="1" coveredmethods="1"/>
        <file name="Icon.js" path="/Users/HSM/Documents/dev/privat/vacation-planner-react/client/src/components/Icon/Icon.js">
          <metrics statements="2" coveredstatements="2" conditionals="0" coveredconditionals="0" methods="1" coveredmethods="1"/>
          <line num="16" count="7" type="stmt"/>
          <line num="17" count="1" type="stmt"/>
        </file>
        <file name="index.js" path="/Users/HSM/Documents/dev/privat/vacation-planner-react/client/src/components/Icon/index.js">
          <metrics statements="0" coveredstatements="0" conditionals="0" coveredconditionals="0" methods="0" coveredmethods="0"/>
        </file>
      </package>
      <package name="src.components.Layout.Footer">
        <metrics statements="2" coveredstatements="2" conditionals="0" coveredconditionals="0" methods="1" coveredmethods="1"/>
        <file name="Footer.js" path="/Users/HSM/Documents/dev/privat/vacation-planner-react/client/src/components/Layout/Footer/Footer.js">
          <metrics statements="2" coveredstatements="2" conditionals="0" coveredconditionals="0" methods="1" coveredmethods="1"/>
          <line num="10" count="2" type="stmt"/>
          <line num="11" count="1" type="stmt"/>
        </file>
        <file name="index.js" path="/Users/HSM/Documents/dev/privat/vacation-planner-react/client/src/components/Layout/Footer/index.js">
          <metrics statements="0" coveredstatements="0" conditionals="0" coveredconditionals="0" methods="0" coveredmethods="0"/>
        </file>
      </package>
      <package name="src.components.Layout.Header">
        <metrics statements="10" coveredstatements="6" conditionals="8" coveredconditionals="4" methods="4" coveredmethods="3"/>
        <file name="Header.js" path="/Users/HSM/Documents/dev/privat/vacation-planner-react/client/src/components/Layout/Header/Header.js">
          <metrics statements="10" coveredstatements="6" conditionals="8" coveredconditionals="4" methods="4" coveredmethods="3"/>
          <line num="20" count="1" type="cond" truecount="1" falsecount="1"/>
          <line num="21" count="0" type="stmt"/>
          <line num="31" count="1" type="stmt"/>
          <line num="43" count="1" type="cond" truecount="1" falsecount="1"/>
          <line num="44" count="0" type="stmt"/>
          <line num="50" count="1" type="cond" truecount="2" falsecount="2"/>
          <line num="51" count="0" type="stmt"/>
          <line num="60" count="1" type="stmt"/>
          <line num="78" count="2" type="stmt"/>
          <line num="79" count="0" type="stmt"/>
        </file>
        <file name="index.js" path="/Users/HSM/Documents/dev/privat/vacation-planner-react/client/src/components/Layout/Header/index.js">
          <metrics statements="0" coveredstatements="0" conditionals="0" coveredconditionals="0" methods="0" coveredmethods="0"/>
        </file>
      </package>
      <package name="src.components.Layout.Main">
        <metrics statements="2" coveredstatements="2" conditionals="0" coveredconditionals="0" methods="1" coveredmethods="1"/>
        <file name="Main.js" path="/Users/HSM/Documents/dev/privat/vacation-planner-react/client/src/components/Layout/Main/Main.js">
          <metrics statements="2" coveredstatements="2" conditionals="0" coveredconditionals="0" methods="1" coveredmethods="1"/>
          <line num="11" count="2" type="stmt"/>
          <line num="12" count="1" type="stmt"/>
        </file>
        <file name="index.js" path="/Users/HSM/Documents/dev/privat/vacation-planner-react/client/src/components/Layout/Main/index.js">
          <metrics statements="0" coveredstatements="0" conditionals="0" coveredconditionals="0" methods="0" coveredmethods="0"/>
        </file>
      </package>
      <package name="src.components.Notice">
        <metrics statements="2" coveredstatements="2" conditionals="0" coveredconditionals="0" methods="1" coveredmethods="1"/>
        <file name="Notice.js" path="/Users/HSM/Documents/dev/privat/vacation-planner-react/client/src/components/Notice/Notice.js">
          <metrics statements="2" coveredstatements="2" conditionals="0" coveredconditionals="0" methods="1" coveredmethods="1"/>
          <line num="15" count="3" type="stmt"/>
          <line num="16" count="1" type="stmt"/>
        </file>
        <file name="index.js" path="/Users/HSM/Documents/dev/privat/vacation-planner-react/client/src/components/Notice/index.js">
          <metrics statements="0" coveredstatements="0" conditionals="0" coveredconditionals="0" methods="0" coveredmethods="0"/>
        </file>
      </package>
      <package name="src.components.TextLink">
        <metrics statements="2" coveredstatements="2" conditionals="0" coveredconditionals="0" methods="1" coveredmethods="1"/>
        <file name="TextLink.js" path="/Users/HSM/Documents/dev/privat/vacation-planner-react/client/src/components/TextLink/TextLink.js">
          <metrics statements="2" coveredstatements="2" conditionals="0" coveredconditionals="0" methods="1" coveredmethods="1"/>
          <line num="13" count="3" type="stmt"/>
          <line num="14" count="1" type="stmt"/>
        </file>
        <file name="index.js" path="/Users/HSM/Documents/dev/privat/vacation-planner-react/client/src/components/TextLink/index.js">
          <metrics statements="0" coveredstatements="0" conditionals="0" coveredconditionals="0" methods="0" coveredmethods="0"/>
        </file>
      </package>
      <package name="src.reducers">
        <metrics statements="10" coveredstatements="6" conditionals="12" coveredconditionals="8" methods="3" coveredmethods="2"/>
        <file name="authReducer.js" path="/Users/HSM/Documents/dev/privat/vacation-planner-react/client/src/reducers/authReducer.js">
          <metrics statements="3" coveredstatements="3" conditionals="5" coveredconditionals="5" methods="1" coveredmethods="1"/>
          <line num="4" count="3" type="cond" truecount="2" falsecount="0"/>
          <line num="6" count="2" type="cond" truecount="2" falsecount="0"/>
          <line num="8" count="1" type="stmt"/>
        </file>
        <file name="dateReducer.js" path="/Users/HSM/Documents/dev/privat/vacation-planner-react/client/src/reducers/dateReducer.js">
          <metrics statements="3" coveredstatements="3" conditionals="3" coveredconditionals="3" methods="1" coveredmethods="1"/>
          <line num="4" count="2" type="cond" truecount="2" falsecount="0"/>
          <line num="6" count="1" type="stmt"/>
          <line num="8" count="1" type="stmt"/>
        </file>
        <file name="index.js" path="/Users/HSM/Documents/dev/privat/vacation-planner-react/client/src/reducers/index.js">
          <metrics statements="4" coveredstatements="0" conditionals="4" coveredconditionals="0" methods="1" coveredmethods="0"/>
          <line num="1" count="0" type="stmt"/>
          <line num="3" count="0" type="stmt"/>
          <line num="4" count="0" type="stmt"/>
          <line num="5" count="0" type="cond" truecount="0" falsecount="4"/>
        </file>
      </package>
      <package name="src.views.Login">
        <metrics statements="32" coveredstatements="6" conditionals="16" coveredconditionals="3" methods="11" coveredmethods="4"/>
        <file name="Login.js" path="/Users/HSM/Documents/dev/privat/vacation-planner-react/client/src/views/Login/Login.js">
          <metrics statements="24" coveredstatements="5" conditionals="16" coveredconditionals="3" methods="9" coveredmethods="4"/>
          <line num="58" count="1" type="cond" truecount="1" falsecount="1"/>
          <line num="59" count="0" type="stmt"/>
          <line num="69" count="0" type="stmt"/>
          <line num="70" count="0" type="stmt"/>
          <line num="74" count="0" type="stmt"/>
          <line num="78" count="0" type="cond" truecount="0" falsecount="4"/>
          <line num="79" count="0" type="stmt"/>
          <line num="80" count="0" type="cond" truecount="0" falsecount="2"/>
          <line num="81" count="0" type="stmt"/>
          <line num="82" count="0" type="stmt"/>
          <line num="86" count="2" type="stmt"/>
          <line num="87" count="0" type="stmt"/>
          <line num="90" count="0" type="stmt"/>
          <line num="94" count="0" type="stmt"/>
          <line num="95" count="0" type="stmt"/>
          <line num="96" count="0" type="stmt"/>
          <line num="98" count="0" type="cond" truecount="0" falsecount="2"/>
          <line num="99" count="0" type="cond" truecount="0" falsecount="2"/>
          <line num="101" count="0" type="stmt"/>
          <line num="107" count="2" type="cond" truecount="2" falsecount="2"/>
          <line num="108" count="0" type="stmt"/>
          <line num="113" count="1" type="stmt"/>
          <line num="158" count="2" type="stmt"/>
          <line num="159" count="0" type="stmt"/>
        </file>
        <file name="index.js" path="/Users/HSM/Documents/dev/privat/vacation-planner-react/client/src/views/Login/index.js">
          <metrics statements="0" coveredstatements="0" conditionals="0" coveredconditionals="0" methods="0" coveredmethods="0"/>
        </file>
        <file name="loginActions.js" path="/Users/HSM/Documents/dev/privat/vacation-planner-react/client/src/views/Login/loginActions.js">
          <metrics statements="8" coveredstatements="1" conditionals="0" coveredconditionals="0" methods="2" coveredmethods="0"/>
          <line num="5" count="2" type="stmt"/>
          <line num="6" count="0" type="stmt"/>
          <line num="7" count="0" type="stmt"/>
          <line num="12" count="0" type="stmt"/>
          <line num="17" count="0" type="stmt"/>
          <line num="21" count="0" type="stmt"/>
          <line num="26" count="0" type="stmt"/>
          <line num="30" count="0" type="stmt"/>
        </file>
      </package>
      <package name="src.views.Register">
        <metrics statements="28" coveredstatements="4" conditionals="20" coveredconditionals="2" methods="9" coveredmethods="3"/>
        <file name="Register.js" path="/Users/HSM/Documents/dev/privat/vacation-planner-react/client/src/views/Register/Register.js">
          <metrics statements="23" coveredstatements="3" conditionals="20" coveredconditionals="2" methods="7" coveredmethods="3"/>
          <line num="80" count="0" type="stmt"/>
          <line num="81" count="0" type="stmt"/>
          <line num="85" count="0" type="cond" truecount="0" falsecount="4"/>
          <line num="86" count="0" type="stmt"/>
          <line num="87" count="0" type="cond" truecount="0" falsecount="2"/>
          <line num="88" count="0" type="stmt"/>
          <line num="89" count="0" type="stmt"/>
          <line num="93" count="5" type="stmt"/>
          <line num="94" count="0" type="stmt"/>
          <line num="97" count="0" type="stmt"/>
          <line num="101" count="0" type="stmt"/>
          <line num="103" count="0" type="stmt"/>
          <line num="104" count="0" type="stmt"/>
          <line num="105" count="0" type="stmt"/>
          <line num="107" count="0" type="cond" truecount="0" falsecount="2"/>
          <line num="108" count="0" type="cond" truecount="0" falsecount="2"/>
          <line num="109" count="0" type="stmt"/>
          <line num="111" count="0" type="cond" truecount="0" falsecount="2"/>
          <line num="112" count="0" type="stmt"/>
          <line num="116" count="0" type="stmt"/>
          <line num="122" count="5" type="cond" truecount="2" falsecount="2"/>
          <line num="123" count="0" type="stmt"/>
          <line num="128" count="1" type="stmt"/>
        </file>
        <file name="index.js" path="/Users/HSM/Documents/dev/privat/vacation-planner-react/client/src/views/Register/index.js">
          <metrics statements="0" coveredstatements="0" conditionals="0" coveredconditionals="0" methods="0" coveredmethods="0"/>
        </file>
        <file name="registerActions.js" path="/Users/HSM/Documents/dev/privat/vacation-planner-react/client/src/views/Register/registerActions.js">
          <metrics statements="5" coveredstatements="1" conditionals="0" coveredconditionals="0" methods="2" coveredmethods="0"/>
          <line num="5" count="2" type="stmt"/>
          <line num="6" count="0" type="stmt"/>
          <line num="7" count="0" type="stmt"/>
          <line num="15" count="0" type="stmt"/>
          <line num="20" count="0" type="stmt"/>
        </file>
      </package>
      <package name="src.views.Schedule">
        <metrics statements="54" coveredstatements="25" conditionals="33" coveredconditionals="10" methods="17" coveredmethods="10"/>
        <file name="Schedule.js" path="/Users/HSM/Documents/dev/privat/vacation-planner-react/client/src/views/Schedule/Schedule.js">
          <metrics statements="54" coveredstatements="25" conditionals="33" coveredconditionals="10" methods="17" coveredmethods="10"/>
          <line num="66" count="1" type="stmt"/>
          <line num="67" count="1" type="stmt"/>
          <line num="68" count="1" type="stmt"/>
          <line num="70" count="1" type="stmt"/>
          <line num="71" count="31" type="stmt"/>
          <line num="80" count="1" type="stmt"/>
          <line num="81" count="4" type="stmt"/>
          <line num="90" count="1" type="stmt"/>
          <line num="91" count="35" type="stmt"/>
          <line num="103" count="0" type="stmt"/>
          <line num="104" count="0" type="stmt"/>
          <line num="105" count="0" type="stmt"/>
          <line num="110" count="0" type="cond" truecount="0" falsecount="5"/>
          <line num="111" count="0" type="stmt"/>
          <line num="112" count="0" type="stmt"/>
          <line num="113" count="0" type="cond" truecount="0" falsecount="2"/>
          <line num="114" count="0" type="stmt"/>
          <line num="116" count="0" type="stmt"/>
          <line num="118" count="0" type="stmt"/>
          <line num="123" count="0" type="cond" truecount="0" falsecount="4"/>
          <line num="124" count="0" type="stmt"/>
          <line num="125" count="0" type="cond" truecount="0" falsecount="2"/>
          <line num="126" count="0" type="stmt"/>
          <line num="127" count="0" type="stmt"/>
          <line num="131" count="2" type="stmt"/>
          <line num="132" count="0" type="stmt"/>
          <line num="135" count="0" type="stmt"/>
          <line num="139" count="0" type="stmt"/>
          <line num="141" count="0" type="stmt"/>
          <line num="142" count="0" type="stmt"/>
          <line num="143" count="0" type="stmt"/>
          <line num="145" count="0" type="cond" truecount="0" falsecount="2"/>
          <line num="146" count="0" type="cond" truecount="0" falsecount="2"/>
          <line num="147" count="0" type="cond" truecount="0" falsecount="2"/>
          <line num="149" count="0" type="stmt"/>
          <line num="155" count="1" type="stmt"/>
          <line num="156" count="1" type="stmt"/>
          <line num="159" count="2" type="stmt"/>
          <line num="172" count="1" type="stmt"/>
          <line num="176" count="1" type="stmt"/>
          <line num="177" count="1" type="stmt"/>
          <line num="178" count="1" type="cond" truecount="3" falsecount="1"/>
          <line num="179" count="0" type="stmt"/>
          <line num="181" count="1" type="stmt"/>
          <line num="185" count="1" type="stmt"/>
          <line num="186" count="1" type="stmt"/>
          <line num="187" count="1" type="cond" truecount="3" falsecount="1"/>
          <line num="188" count="0" type="stmt"/>
          <line num="190" count="1" type="stmt"/>
          <line num="194" count="2" type="cond" truecount="2" falsecount="2"/>
          <line num="195" count="0" type="stmt"/>
          <line num="200" count="1" type="stmt"/>
          <line num="268" count="2" type="stmt"/>
          <line num="269" count="0" type="stmt"/>
        </file>
        <file name="index.js" path="/Users/HSM/Documents/dev/privat/vacation-planner-react/client/src/views/Schedule/index.js">
          <metrics statements="0" coveredstatements="0" conditionals="0" coveredconditionals="0" methods="0" coveredmethods="0"/>
        </file>
      </package>
      <package name="src.views.Schedule.Day">
        <metrics statements="3" coveredstatements="2" conditionals="2" coveredconditionals="1" methods="2" coveredmethods="1"/>
        <file name="Day.js" path="/Users/HSM/Documents/dev/privat/vacation-planner-react/client/src/views/Schedule/Day/Day.js">
          <metrics statements="3" coveredstatements="2" conditionals="2" coveredconditionals="1" methods="2" coveredmethods="1"/>
          <line num="19" count="3" type="stmt"/>
          <line num="20" count="1" type="stmt"/>
          <line num="30" count="0" type="stmt"/>
        </file>
        <file name="index.js" path="/Users/HSM/Documents/dev/privat/vacation-planner-react/client/src/views/Schedule/Day/index.js">
          <metrics statements="0" coveredstatements="0" conditionals="0" coveredconditionals="0" methods="0" coveredmethods="0"/>
        </file>
      </package>
    </metrics>
  </project>
</coverage>
