{"/Users/HSM/Documents/dev/privat/vacation-planner-react/client/src/index.js": {"path":"/Users/HSM/Documents/dev/privat/vacation-planner-react/client/src/index.js","statementMap":{"0":{"start":{"line":1,"column":32},"end":{"line":1,"column":108}},"1":{"start":{"line":1,"column":122},"end":{"line":1,"column":138}},"2":{"start":{"line":1,"column":153},"end":{"line":1,"column":183}},"3":{"start":{"line":2,"column":16},"end":{"line":2,"column":36}},"4":{"start":{"line":2,"column":54},"end":{"line":2,"column":87}},"5":{"start":{"line":3,"column":18},"end":{"line":3,"column":40}},"6":{"start":{"line":4,"column":13},"end":{"line":4,"column":29}},"7":{"start":{"line":5,"column":18},"end":{"line":5,"column":40}},"8":{"start":{"line":5,"column":60},"end":{"line":5,"column":95}},"9":{"start":{"line":7,"column":13},"end":{"line":7,"column":46}},"10":{"start":{"line":7,"column":61},"end":{"line":7,"column":91}},"11":{"start":{"line":8,"column":16},"end":{"line":8,"column":37}},"12":{"start":{"line":8,"column":55},"end":{"line":8,"column":88}},"13":{"start":{"line":8,"column":127},"end":{"line":8,"column":181}},"14":{"start":{"line":10,"column":14},"end":{"line":13,"column":50}},"15":{"start":{"line":16,"column":0},"end":{"line":20,"column":33}},"16":{"start":{"line":23,"column":0},"end":{"line":24,"column":50}},"17":{"start":{"line":24,"column":0},"end":{"line":24,"column":50}}},"fnMap":{"0":{"name":"_interopRequireDefault","decl":{"start":{"line":8,"column":98},"end":{"line":8,"column":120}},"loc":{"start":{"line":8,"column":126},"end":{"line":8,"column":182}},"line":8}},"branchMap":{"0":{"loc":{"start":{"line":8,"column":134},"end":{"line":8,"column":180}},"type":"cond-expr","locations":[{"start":{"line":8,"column":158},"end":{"line":8,"column":161}},{"start":{"line":8,"column":164},"end":{"line":8,"column":180}}],"line":8},"1":{"loc":{"start":{"line":8,"column":134},"end":{"line":8,"column":155}},"type":"binary-expr","locations":[{"start":{"line":8,"column":134},"end":{"line":8,"column":137}},{"start":{"line":8,"column":141},"end":{"line":8,"column":155}}],"line":8},"2":{"loc":{"start":{"line":12,"column":0},"end":{"line":12,"column":76}},"type":"binary-expr","locations":[{"start":{"line":12,"column":0},"end":{"line":12,"column":35}},{"start":{"line":12,"column":39},"end":{"line":12,"column":76}}],"line":12},"3":{"loc":{"start":{"line":23,"column":0},"end":{"line":24,"column":50}},"type":"if","locations":[{"start":{"line":23,"column":0},"end":{"line":24,"column":50}},{"start":{"line":23,"column":0},"end":{"line":24,"column":50}}],"line":23}},"s":{"0":0,"1":0,"2":0,"3":0,"4":0,"5":0,"6":0,"7":0,"8":0,"9":0,"10":0,"11":0,"12":0,"13":0,"14":0,"15":0,"16":0,"17":0},"f":{"0":0},"b":{"0":[0,0],"1":[0,0],"2":[0,0],"3":[0,0]}}
,"/Users/HSM/Documents/dev/privat/vacation-planner-react/client/src/registerServiceWorker.js": {"path":"/Users/HSM/Documents/dev/privat/vacation-planner-react/client/src/registerServiceWorker.js","statementMap":{"0":{"start":{"line":1,"column":13},"end":{"line":1,"column":75}},"1":{"start":{"line":1,"column":75},"end":{"line":21,"column":9}},"2":{"start":{"line":21,"column":9},"end":{"line":111,"column":24}},"3":{"start":{"line":118,"column":20},"end":{"line":120,"column":89}},"4":{"start":{"line":120,"column":111},"end":{"line":128,"column":36}},"5":{"start":{"line":121,"column":22},"end":{"line":121,"column":70}},"6":{"start":{"line":121,"column":71},"end":{"line":124,"column":14}},"7":{"start":{"line":124,"column":6},"end":{"line":124,"column":13}},"8":{"start":{"line":124,"column":14},"end":{"line":128,"column":35}},"9":{"start":{"line":124,"column":67},"end":{"line":124,"column":112}},"10":{"start":{"line":124,"column":113},"end":{"line":128,"column":32}},"11":{"start":{"line":125,"column":8},"end":{"line":125,"column":39}},"12":{"start":{"line":127,"column":8},"end":{"line":127,"column":178}},"13":{"start":{"line":127,"column":50},"end":{"line":127,"column":175}},"14":{"start":{"line":128,"column":8},"end":{"line":128,"column":31}},"15":{"start":{"line":128,"column":70},"end":{"line":135,"column":156}},"16":{"start":{"line":128,"column":132},"end":{"line":135,"column":68}},"17":{"start":{"line":128,"column":193},"end":{"line":128,"column":216}},"18":{"start":{"line":128,"column":217},"end":{"line":135,"column":66}},"19":{"start":{"line":128,"column":257},"end":{"line":135,"column":64}},"20":{"start":{"line":128,"column":302},"end":{"line":135,"column":63}},"21":{"start":{"line":132,"column":12},"end":{"line":132,"column":69}},"22":{"start":{"line":135,"column":12},"end":{"line":135,"column":62}},"23":{"start":{"line":135,"column":87},"end":{"line":135,"column":153}},"24":{"start":{"line":136,"column":2},"end":{"line":139,"column":126}},"25":{"start":{"line":137,"column":4},"end":{"line":139,"column":30}},"26":{"start":{"line":138,"column":6},"end":{"line":138,"column":127}},"27":{"start":{"line":138,"column":58},"end":{"line":138,"column":124}},"28":{"start":{"line":138,"column":96},"end":{"line":138,"column":121}},"29":{"start":{"line":139,"column":6},"end":{"line":139,"column":29}},"30":{"start":{"line":139,"column":46},"end":{"line":139,"column":123}},"31":{"start":{"line":139,"column":150},"end":{"line":139,"column":267}},"32":{"start":{"line":139,"column":185},"end":{"line":139,"column":266}},"33":{"start":{"line":139,"column":237},"end":{"line":139,"column":263}}},"fnMap":{"0":{"name":"register","decl":{"start":{"line":120,"column":99},"end":{"line":120,"column":107}},"loc":{"start":{"line":120,"column":110},"end":{"line":128,"column":37}},"line":120},"1":{"name":"(anonymous_1)","decl":{"start":{"line":124,"column":46},"end":{"line":124,"column":47}},"loc":{"start":{"line":124,"column":52},"end":{"line":128,"column":33}},"line":124},"2":{"name":"(anonymous_2)","decl":{"start":{"line":127,"column":43},"end":{"line":127,"column":44}},"loc":{"start":{"line":127,"column":49},"end":{"line":127,"column":176}},"line":127},"3":{"name":"registerValidSW","decl":{"start":{"line":128,"column":46},"end":{"line":128,"column":61}},"loc":{"start":{"line":128,"column":69},"end":{"line":135,"column":157}},"line":128},"4":{"name":"(anonymous_4)","decl":{"start":{"line":128,"column":115},"end":{"line":128,"column":116}},"loc":{"start":{"line":128,"column":131},"end":{"line":135,"column":69}},"line":128},"5":{"name":"(anonymous_5)","decl":{"start":{"line":128,"column":161},"end":{"line":128,"column":162}},"loc":{"start":{"line":128,"column":167},"end":{"line":135,"column":67}},"line":128},"6":{"name":"(anonymous_6)","decl":{"start":{"line":128,"column":250},"end":{"line":128,"column":251}},"loc":{"start":{"line":128,"column":256},"end":{"line":135,"column":65}},"line":128},"7":{"name":"(anonymous_7)","decl":{"start":{"line":135,"column":77},"end":{"line":135,"column":78}},"loc":{"start":{"line":135,"column":86},"end":{"line":135,"column":154}},"line":135},"8":{"name":"checkValidServiceWorker","decl":{"start":{"line":135,"column":166},"end":{"line":135,"column":189}},"loc":{"start":{"line":135,"column":197},"end":{"line":139,"column":127}},"line":135},"9":{"name":"(anonymous_9)","decl":{"start":{"line":136,"column":20},"end":{"line":136,"column":21}},"loc":{"start":{"line":136,"column":32},"end":{"line":139,"column":31}},"line":136},"10":{"name":"(anonymous_10)","decl":{"start":{"line":138,"column":41},"end":{"line":138,"column":42}},"loc":{"start":{"line":138,"column":57},"end":{"line":138,"column":125}},"line":138},"11":{"name":"(anonymous_11)","decl":{"start":{"line":138,"column":89},"end":{"line":138,"column":90}},"loc":{"start":{"line":138,"column":95},"end":{"line":138,"column":122}},"line":138},"12":{"name":"(anonymous_12)","decl":{"start":{"line":139,"column":39},"end":{"line":139,"column":40}},"loc":{"start":{"line":139,"column":45},"end":{"line":139,"column":124}},"line":139},"13":{"name":"unregister","decl":{"start":{"line":139,"column":136},"end":{"line":139,"column":146}},"loc":{"start":{"line":139,"column":149},"end":{"line":139,"column":268}},"line":139},"14":{"name":"(anonymous_14)","decl":{"start":{"line":139,"column":220},"end":{"line":139,"column":221}},"loc":{"start":{"line":139,"column":236},"end":{"line":139,"column":264}},"line":139}},"branchMap":{"0":{"loc":{"start":{"line":118,"column":28},"end":{"line":120,"column":88}},"type":"binary-expr","locations":[{"start":{"line":118,"column":28},"end":{"line":118,"column":68}},{"start":{"line":119,"column":0},"end":{"line":119,"column":36}},{"start":{"line":120,"column":0},"end":{"line":120,"column":88}}],"line":118},"1":{"loc":{"start":{"line":120,"column":111},"end":{"line":128,"column":36}},"type":"if","locations":[{"start":{"line":120,"column":111},"end":{"line":128,"column":36}},{"start":{"line":120,"column":111},"end":{"line":128,"column":36}}],"line":120},"2":{"loc":{"start":{"line":120,"column":115},"end":{"line":120,"column":184}},"type":"binary-expr","locations":[{"start":{"line":120,"column":115},"end":{"line":120,"column":152}},{"start":{"line":120,"column":156},"end":{"line":120,"column":184}}],"line":120},"3":{"loc":{"start":{"line":121,"column":71},"end":{"line":124,"column":14}},"type":"if","locations":[{"start":{"line":121,"column":71},"end":{"line":124,"column":14}},{"start":{"line":121,"column":71},"end":{"line":124,"column":14}}],"line":121},"4":{"loc":{"start":{"line":124,"column":113},"end":{"line":128,"column":32}},"type":"if","locations":[{"start":{"line":124,"column":113},"end":{"line":128,"column":32}},{"start":{"line":124,"column":113},"end":{"line":128,"column":32}}],"line":124},"5":{"loc":{"start":{"line":128,"column":257},"end":{"line":135,"column":64}},"type":"if","locations":[{"start":{"line":128,"column":257},"end":{"line":135,"column":64}},{"start":{"line":128,"column":257},"end":{"line":135,"column":64}}],"line":128},"6":{"loc":{"start":{"line":128,"column":302},"end":{"line":135,"column":63}},"type":"if","locations":[{"start":{"line":128,"column":302},"end":{"line":135,"column":63}},{"start":{"line":128,"column":302},"end":{"line":135,"column":63}}],"line":128},"7":{"loc":{"start":{"line":137,"column":4},"end":{"line":139,"column":30}},"type":"if","locations":[{"start":{"line":137,"column":4},"end":{"line":139,"column":30}},{"start":{"line":137,"column":4},"end":{"line":139,"column":30}}],"line":137},"8":{"loc":{"start":{"line":137,"column":8},"end":{"line":137,"column":100}},"type":"binary-expr","locations":[{"start":{"line":137,"column":8},"end":{"line":137,"column":31}},{"start":{"line":137,"column":35},"end":{"line":137,"column":100}}],"line":137},"9":{"loc":{"start":{"line":139,"column":150},"end":{"line":139,"column":267}},"type":"if","locations":[{"start":{"line":139,"column":150},"end":{"line":139,"column":267}},{"start":{"line":139,"column":150},"end":{"line":139,"column":267}}],"line":139}},"s":{"0":0,"1":0,"2":0,"3":0,"4":0,"5":0,"6":0,"7":0,"8":0,"9":0,"10":0,"11":0,"12":0,"13":0,"14":0,"15":0,"16":0,"17":0,"18":0,"19":0,"20":0,"21":0,"22":0,"23":0,"24":0,"25":0,"26":0,"27":0,"28":0,"29":0,"30":0,"31":0,"32":0,"33":0},"f":{"0":0,"1":0,"2":0,"3":0,"4":0,"5":0,"6":0,"7":0,"8":0,"9":0,"10":0,"11":0,"12":0,"13":0,"14":0},"b":{"0":[0,0,0],"1":[0,0],"2":[0,0],"3":[0,0],"4":[0,0],"5":[0,0],"6":[0,0],"7":[0,0],"8":[0,0],"9":[0,0]}}
,"/Users/HSM/Documents/dev/privat/vacation-planner-react/client/src/setupTests.js": {"path":"/Users/HSM/Documents/dev/privat/vacation-planner-react/client/src/setupTests.js","statementMap":{"0":{"start":{"line":4,"column":0},"end":{"line":4,"column":37}}},"fnMap":{},"branchMap":{},"s":{"0":21},"f":{},"b":{},"_coverageSchema":"332fd63041d2c1bcb487cc26dd0d5f7d97098a6c","hash":"4a85a3caa088c24fc92194c1adfe3463ec2aa13a"}
,"/Users/HSM/Documents/dev/privat/vacation-planner-react/client/src/actions/index.js": {"path":"/Users/HSM/Documents/dev/privat/vacation-planner-react/client/src/actions/index.js","statementMap":{"0":{"start":{"line":5,"column":25},"end":{"line":14,"column":1}},"1":{"start":{"line":5,"column":31},"end":{"line":14,"column":1}},"2":{"start":{"line":6,"column":14},"end":{"line":6,"column":50}},"3":{"start":{"line":10,"column":2},"end":{"line":13,"column":4}},"4":{"start":{"line":16,"column":23},"end":{"line":21,"column":1}},"5":{"start":{"line":16,"column":31},"end":{"line":21,"column":1}},"6":{"start":{"line":17,"column":2},"end":{"line":20,"column":4}}},"fnMap":{"0":{"name":"(anonymous_0)","decl":{"start":{"line":5,"column":25},"end":{"line":5,"column":26}},"loc":{"start":{"line":5,"column":31},"end":{"line":14,"column":1}},"line":5},"1":{"name":"(anonymous_1)","decl":{"start":{"line":5,"column":31},"end":{"line":5,"column":32}},"loc":{"start":{"line":5,"column":49},"end":{"line":14,"column":1}},"line":5},"2":{"name":"(anonymous_2)","decl":{"start":{"line":16,"column":23},"end":{"line":16,"column":24}},"loc":{"start":{"line":16,"column":31},"end":{"line":21,"column":1}},"line":16},"3":{"name":"(anonymous_3)","decl":{"start":{"line":16,"column":31},"end":{"line":16,"column":32}},"loc":{"start":{"line":16,"column":43},"end":{"line":21,"column":1}},"line":16}},"branchMap":{},"s":{"0":1,"1":0,"2":0,"3":0,"4":1,"5":0,"6":0},"f":{"0":0,"1":0,"2":0,"3":0},"b":{},"_coverageSchema":"332fd63041d2c1bcb487cc26dd0d5f7d97098a6c","hash":"76f6db047d1b34261556aef7c5c3023dadee8e96"}
,"/Users/HSM/Documents/dev/privat/vacation-planner-react/client/src/actions/types.js": {"path":"/Users/HSM/Documents/dev/privat/vacation-planner-react/client/src/actions/types.js","statementMap":{"0":{"start":{"line":1,"column":26},"end":{"line":1,"column":38}},"1":{"start":{"line":3,"column":29},"end":{"line":3,"column":48}},"2":{"start":{"line":4,"column":27},"end":{"line":4,"column":48}},"3":{"start":{"line":6,"column":21},"end":{"line":6,"column":38}},"4":{"start":{"line":7,"column":27},"end":{"line":7,"column":46}},"5":{"start":{"line":9,"column":24},"end":{"line":9,"column":34}}},"fnMap":{},"branchMap":{},"s":{"0":6,"1":6,"2":6,"3":6,"4":6,"5":6},"f":{},"b":{},"_coverageSchema":"332fd63041d2c1bcb487cc26dd0d5f7d97098a6c","hash":"4b082bacd51d2e88b8ff41435f9bd892a2758ac3"}
,"/Users/HSM/Documents/dev/privat/vacation-planner-react/client/src/components/App/App.js": {"path":"/Users/HSM/Documents/dev/privat/vacation-planner-react/client/src/components/App/App.js","statementMap":{"0":{"start":{"line":24,"column":4},"end":{"line":24,"column":26}},"1":{"start":{"line":28,"column":4},"end":{"line":43,"column":5}}},"fnMap":{"0":{"name":"(anonymous_0)","decl":{"start":{"line":23,"column":2},"end":{"line":23,"column":3}},"loc":{"start":{"line":23,"column":23},"end":{"line":25,"column":3}},"line":23},"1":{"name":"(anonymous_1)","decl":{"start":{"line":27,"column":2},"end":{"line":27,"column":3}},"loc":{"start":{"line":27,"column":12},"end":{"line":44,"column":3}},"line":27}},"branchMap":{},"s":{"0":1,"1":1},"f":{"0":1,"1":1},"b":{},"_coverageSchema":"332fd63041d2c1bcb487cc26dd0d5f7d97098a6c","hash":"3b416cadc9bb76f0a548bb5887d3934a1de1a734"}
,"/Users/HSM/Documents/dev/privat/vacation-planner-react/client/src/components/App/index.js": {"path":"/Users/HSM/Documents/dev/privat/vacation-planner-react/client/src/components/App/index.js","statementMap":{"0":{"start":{"line":1,"column":13},"end":{"line":1,"column":75}},"1":{"start":{"line":1,"column":86},"end":{"line":1,"column":102}},"2":{"start":{"line":1,"column":115},"end":{"line":1,"column":143}},"3":{"start":{"line":1,"column":182},"end":{"line":1,"column":236}},"4":{"start":{"line":1,"column":237},"end":{"line":1,"column":269}}},"fnMap":{"0":{"name":"_interopRequireDefault","decl":{"start":{"line":1,"column":153},"end":{"line":1,"column":175}},"loc":{"start":{"line":1,"column":181},"end":{"line":1,"column":237}},"line":1}},"branchMap":{"0":{"loc":{"start":{"line":1,"column":189},"end":{"line":1,"column":235}},"type":"cond-expr","locations":[{"start":{"line":1,"column":213},"end":{"line":1,"column":216}},{"start":{"line":1,"column":219},"end":{"line":1,"column":235}}],"line":1},"1":{"loc":{"start":{"line":1,"column":189},"end":{"line":1,"column":210}},"type":"binary-expr","locations":[{"start":{"line":1,"column":189},"end":{"line":1,"column":192}},{"start":{"line":1,"column":196},"end":{"line":1,"column":210}}],"line":1}},"s":{"0":0,"1":0,"2":0,"3":0,"4":0},"f":{"0":0},"b":{"0":[0,0],"1":[0,0]}}
,"/Users/HSM/Documents/dev/privat/vacation-planner-react/client/src/components/Button/Button.js": {"path":"/Users/HSM/Documents/dev/privat/vacation-planner-react/client/src/components/Button/Button.js","statementMap":{"0":{"start":{"line":16,"column":15},"end":{"line":26,"column":1}},"1":{"start":{"line":17,"column":2},"end":{"line":25,"column":11}}},"fnMap":{"0":{"name":"(anonymous_0)","decl":{"start":{"line":16,"column":15},"end":{"line":16,"column":16}},"loc":{"start":{"line":17,"column":2},"end":{"line":25,"column":11}},"line":17}},"branchMap":{},"s":{"0":5,"1":1},"f":{"0":1},"b":{},"_coverageSchema":"332fd63041d2c1bcb487cc26dd0d5f7d97098a6c","hash":"44ebf49857591caff0d2a7aac12f055187b400a3"}
,"/Users/HSM/Documents/dev/privat/vacation-planner-react/client/src/components/Button/index.js": {"path":"/Users/HSM/Documents/dev/privat/vacation-planner-react/client/src/components/Button/index.js","statementMap":{},"fnMap":{},"branchMap":{},"s":{},"f":{},"b":{},"_coverageSchema":"332fd63041d2c1bcb487cc26dd0d5f7d97098a6c","hash":"852c327facc734821f4c6344aff7b5ed00f11969"}
,"/Users/HSM/Documents/dev/privat/vacation-planner-react/client/src/components/ButtonLink/ButtonLink.js": {"path":"/Users/HSM/Documents/dev/privat/vacation-planner-react/client/src/components/ButtonLink/ButtonLink.js","statementMap":{"0":{"start":{"line":16,"column":19},"end":{"line":27,"column":1}},"1":{"start":{"line":17,"column":2},"end":{"line":26,"column":6}}},"fnMap":{"0":{"name":"(anonymous_0)","decl":{"start":{"line":16,"column":19},"end":{"line":16,"column":20}},"loc":{"start":{"line":17,"column":2},"end":{"line":26,"column":6}},"line":17}},"branchMap":{},"s":{"0":5,"1":1},"f":{"0":1},"b":{},"_coverageSchema":"332fd63041d2c1bcb487cc26dd0d5f7d97098a6c","hash":"1b0deab92e1e7942e5bf9ca5b1ed577f05aac6ff"}
,"/Users/HSM/Documents/dev/privat/vacation-planner-react/client/src/components/ButtonLink/index.js": {"path":"/Users/HSM/Documents/dev/privat/vacation-planner-react/client/src/components/ButtonLink/index.js","statementMap":{},"fnMap":{},"branchMap":{},"s":{},"f":{},"b":{},"_coverageSchema":"332fd63041d2c1bcb487cc26dd0d5f7d97098a6c","hash":"4434b0c80fc295aaa4b526cbc538190c63ccc3d8"}
,"/Users/HSM/Documents/dev/privat/vacation-planner-react/client/src/components/Flash/Flash.js": {"path":"/Users/HSM/Documents/dev/privat/vacation-planner-react/client/src/components/Flash/Flash.js","statementMap":{"0":{"start":{"line":22,"column":4},"end":{"line":34,"column":5}},"1":{"start":{"line":23,"column":6},"end":{"line":33,"column":7}},"2":{"start":{"line":35,"column":4},"end":{"line":35,"column":15}},"3":{"start":{"line":39,"column":4},"end":{"line":39,"column":31}},"4":{"start":{"line":43,"column":50},"end":{"line":47,"column":1}},"5":{"start":{"line":44,"column":2},"end":{"line":46,"column":3}}},"fnMap":{"0":{"name":"(anonymous_0)","decl":{"start":{"line":21,"column":2},"end":{"line":21,"column":3}},"loc":{"start":{"line":21,"column":19},"end":{"line":36,"column":3}},"line":21},"1":{"name":"(anonymous_1)","decl":{"start":{"line":38,"column":2},"end":{"line":38,"column":3}},"loc":{"start":{"line":38,"column":12},"end":{"line":40,"column":3}},"line":38},"2":{"name":"(anonymous_2)","decl":{"start":{"line":43,"column":50},"end":{"line":43,"column":51}},"loc":{"start":{"line":43,"column":65},"end":{"line":47,"column":1}},"line":43}},"branchMap":{"0":{"loc":{"start":{"line":22,"column":4},"end":{"line":34,"column":5}},"type":"if","locations":[{"start":{"line":22,"column":4},"end":{"line":34,"column":5}},{"start":{"line":22,"column":4},"end":{"line":34,"column":5}}],"line":22}},"s":{"0":1,"1":0,"2":1,"3":1,"4":2,"5":0},"f":{"0":1,"1":1,"2":0},"b":{"0":[0,1]},"_coverageSchema":"332fd63041d2c1bcb487cc26dd0d5f7d97098a6c","hash":"8870d9e4f9657a3db4cfc4c45b3cff9b61d5eeb5"}
,"/Users/HSM/Documents/dev/privat/vacation-planner-react/client/src/components/Flash/flashActions.js": {"path":"/Users/HSM/Documents/dev/privat/vacation-planner-react/client/src/components/Flash/flashActions.js","statementMap":{"0":{"start":{"line":3,"column":26},"end":{"line":7,"column":1}},"1":{"start":{"line":3,"column":32},"end":{"line":7,"column":1}},"2":{"start":{"line":4,"column":2},"end":{"line":6,"column":4}}},"fnMap":{"0":{"name":"(anonymous_0)","decl":{"start":{"line":3,"column":26},"end":{"line":3,"column":27}},"loc":{"start":{"line":3,"column":32},"end":{"line":7,"column":1}},"line":3},"1":{"name":"(anonymous_1)","decl":{"start":{"line":3,"column":32},"end":{"line":3,"column":33}},"loc":{"start":{"line":3,"column":44},"end":{"line":7,"column":1}},"line":3}},"branchMap":{},"s":{"0":2,"1":0,"2":0},"f":{"0":0,"1":0},"b":{},"_coverageSchema":"332fd63041d2c1bcb487cc26dd0d5f7d97098a6c","hash":"25ac11de7afda29c93cb00b6c6e5a349ef6bdb85"}
,"/Users/HSM/Documents/dev/privat/vacation-planner-react/client/src/components/Flash/flashReducer.js": {"path":"/Users/HSM/Documents/dev/privat/vacation-planner-react/client/src/components/Flash/flashReducer.js","statementMap":{"0":{"start":{"line":1,"column":13},"end":{"line":1,"column":75}},"1":{"start":{"line":1,"column":75},"end":{"line":14,"column":2}},"2":{"start":{"line":4,"column":2},"end":{"line":12,"column":20}},"3":{"start":{"line":6,"column":6},"end":{"line":6,"column":28}},"4":{"start":{"line":9,"column":6},"end":{"line":9,"column":18}},"5":{"start":{"line":12,"column":6},"end":{"line":12,"column":19}},"6":{"start":{"line":14,"column":15},"end":{"line":14,"column":45}}},"fnMap":{"0":{"name":"(anonymous_0)","decl":{"start":{"line":3,"column":0},"end":{"line":3,"column":1}},"loc":{"start":{"line":3,"column":32},"end":{"line":14,"column":1}},"line":3}},"branchMap":{"0":{"loc":{"start":{"line":3,"column":10},"end":{"line":3,"column":22}},"type":"default-arg","locations":[{"start":{"line":3,"column":18},"end":{"line":3,"column":22}}],"line":3},"1":{"loc":{"start":{"line":4,"column":2},"end":{"line":12,"column":20}},"type":"switch","locations":[{"start":{"line":5,"column":4},"end":{"line":6,"column":28}},{"start":{"line":8,"column":4},"end":{"line":9,"column":18}},{"start":{"line":11,"column":4},"end":{"line":12,"column":19}}],"line":4}},"s":{"0":0,"1":0,"2":0,"3":0,"4":0,"5":0,"6":0},"f":{"0":0},"b":{"0":[0],"1":[0,0,0]}}
,"/Users/HSM/Documents/dev/privat/vacation-planner-react/client/src/components/Flash/index.js": {"path":"/Users/HSM/Documents/dev/privat/vacation-planner-react/client/src/components/Flash/index.js","statementMap":{},"fnMap":{},"branchMap":{},"s":{},"f":{},"b":{},"_coverageSchema":"332fd63041d2c1bcb487cc26dd0d5f7d97098a6c","hash":"507e6e1512372e512e662b1f824d9c1d34730bbe"}
,"/Users/HSM/Documents/dev/privat/vacation-planner-react/client/src/components/Form/Form.js": {"path":"/Users/HSM/Documents/dev/privat/vacation-planner-react/client/src/components/Form/Form.js","statementMap":{"0":{"start":{"line":17,"column":13},"end":{"line":48,"column":1}},"1":{"start":{"line":25,"column":2},"end":{"line":47,"column":12}}},"fnMap":{"0":{"name":"(anonymous_0)","decl":{"start":{"line":17,"column":13},"end":{"line":17,"column":14}},"loc":{"start":{"line":25,"column":2},"end":{"line":47,"column":12}},"line":25}},"branchMap":{"0":{"loc":{"start":{"line":29,"column":19},"end":{"line":29,"column":48}},"type":"binary-expr","locations":[{"start":{"line":29,"column":19},"end":{"line":29,"column":25}},{"start":{"line":29,"column":29},"end":{"line":29,"column":48}}],"line":29},"1":{"loc":{"start":{"line":37,"column":9},"end":{"line":41,"column":9}},"type":"binary-expr","locations":[{"start":{"line":37,"column":9},"end":{"line":37,"column":17}},{"start":{"line":38,"column":10},"end":{"line":40,"column":19}}],"line":37},"2":{"loc":{"start":{"line":43,"column":11},"end":{"line":43,"column":33}},"type":"binary-expr","locations":[{"start":{"line":43,"column":11},"end":{"line":43,"column":21}},{"start":{"line":43,"column":25},"end":{"line":43,"column":33}}],"line":43}},"s":{"0":4,"1":0},"f":{"0":0},"b":{"0":[0,0],"1":[0,0],"2":[0,0]},"_coverageSchema":"332fd63041d2c1bcb487cc26dd0d5f7d97098a6c","hash":"ada60ced57d3a0fa951dc77a8a4f013d8893d405"}
,"/Users/HSM/Documents/dev/privat/vacation-planner-react/client/src/components/Form/index.js": {"path":"/Users/HSM/Documents/dev/privat/vacation-planner-react/client/src/components/Form/index.js","statementMap":{},"fnMap":{},"branchMap":{},"s":{},"f":{},"b":{},"_coverageSchema":"332fd63041d2c1bcb487cc26dd0d5f7d97098a6c","hash":"d908714766c42a283dd92e5fd9c32f4b69e4138c"}
,"/Users/HSM/Documents/dev/privat/vacation-planner-react/client/src/components/FormCheckbox/FormCheckbox.js": {"path":"/Users/HSM/Documents/dev/privat/vacation-planner-react/client/src/components/FormCheckbox/FormCheckbox.js","statementMap":{"0":{"start":{"line":14,"column":21},"end":{"line":26,"column":1}},"1":{"start":{"line":15,"column":2},"end":{"line":25,"column":10}}},"fnMap":{"0":{"name":"(anonymous_0)","decl":{"start":{"line":14,"column":21},"end":{"line":14,"column":22}},"loc":{"start":{"line":15,"column":2},"end":{"line":25,"column":10}},"line":15}},"branchMap":{"0":{"loc":{"start":{"line":24,"column":45},"end":{"line":24,"column":69}},"type":"binary-expr","locations":[{"start":{"line":24,"column":45},"end":{"line":24,"column":50}},{"start":{"line":24,"column":54},"end":{"line":24,"column":69}}],"line":24}},"s":{"0":3,"1":1},"f":{"0":1},"b":{"0":[1,1]},"_coverageSchema":"332fd63041d2c1bcb487cc26dd0d5f7d97098a6c","hash":"bfec99080c44e1cb5f72b0f66ae4eb2323cfceef"}
,"/Users/HSM/Documents/dev/privat/vacation-planner-react/client/src/components/FormCheckbox/index.js": {"path":"/Users/HSM/Documents/dev/privat/vacation-planner-react/client/src/components/FormCheckbox/index.js","statementMap":{},"fnMap":{},"branchMap":{},"s":{},"f":{},"b":{},"_coverageSchema":"332fd63041d2c1bcb487cc26dd0d5f7d97098a6c","hash":"5fd5d05f0a6b2e2f0da8cf9454d04130cdfa2205"}
,"/Users/HSM/Documents/dev/privat/vacation-planner-react/client/src/components/FormInput/Input.js": {"path":"/Users/HSM/Documents/dev/privat/vacation-planner-react/client/src/components/FormInput/Input.js","statementMap":{"0":{"start":{"line":18,"column":14},"end":{"line":40,"column":1}},"1":{"start":{"line":19,"column":2},"end":{"line":39,"column":8}}},"fnMap":{"0":{"name":"(anonymous_0)","decl":{"start":{"line":18,"column":14},"end":{"line":18,"column":15}},"loc":{"start":{"line":19,"column":2},"end":{"line":39,"column":8}},"line":19}},"branchMap":{"0":{"loc":{"start":{"line":22,"column":7},"end":{"line":22,"column":33}},"type":"binary-expr","locations":[{"start":{"line":22,"column":7},"end":{"line":22,"column":15}},{"start":{"line":22,"column":19},"end":{"line":22,"column":33}}],"line":22},"1":{"loc":{"start":{"line":30,"column":12},"end":{"line":30,"column":26}},"type":"binary-expr","locations":[{"start":{"line":30,"column":12},"end":{"line":30,"column":16}},{"start":{"line":30,"column":20},"end":{"line":30,"column":26}}],"line":30},"2":{"loc":{"start":{"line":33,"column":5},"end":{"line":38,"column":5}},"type":"binary-expr","locations":[{"start":{"line":33,"column":5},"end":{"line":33,"column":10}},{"start":{"line":34,"column":6},"end":{"line":37,"column":12}}],"line":33}},"s":{"0":5,"1":1},"f":{"0":1},"b":{"0":[1,0],"1":[1,1],"2":[1,0]},"_coverageSchema":"332fd63041d2c1bcb487cc26dd0d5f7d97098a6c","hash":"f13ab37c1e5502772812cb3e99f1b6c5b4904841"}
,"/Users/HSM/Documents/dev/privat/vacation-planner-react/client/src/components/FormInput/index.js": {"path":"/Users/HSM/Documents/dev/privat/vacation-planner-react/client/src/components/FormInput/index.js","statementMap":{},"fnMap":{},"branchMap":{},"s":{},"f":{},"b":{},"_coverageSchema":"332fd63041d2c1bcb487cc26dd0d5f7d97098a6c","hash":"7b9d34dc96f182314e740eb193e16e8cb0754bf4"}
,"/Users/HSM/Documents/dev/privat/vacation-planner-react/client/src/components/H1/H1.js": {"path":"/Users/HSM/Documents/dev/privat/vacation-planner-react/client/src/components/H1/H1.js","statementMap":{"0":{"start":{"line":14,"column":11},"end":{"line":22,"column":1}},"1":{"start":{"line":15,"column":2},"end":{"line":21,"column":7}}},"fnMap":{"0":{"name":"(anonymous_0)","decl":{"start":{"line":14,"column":11},"end":{"line":14,"column":12}},"loc":{"start":{"line":15,"column":2},"end":{"line":21,"column":7}},"line":15}},"branchMap":{},"s":{"0":5,"1":1},"f":{"0":1},"b":{},"_coverageSchema":"332fd63041d2c1bcb487cc26dd0d5f7d97098a6c","hash":"188b7dc15b85b7a1a2990561027bb07bc582160d"}
,"/Users/HSM/Documents/dev/privat/vacation-planner-react/client/src/components/H1/index.js": {"path":"/Users/HSM/Documents/dev/privat/vacation-planner-react/client/src/components/H1/index.js","statementMap":{},"fnMap":{},"branchMap":{},"s":{},"f":{},"b":{},"_coverageSchema":"332fd63041d2c1bcb487cc26dd0d5f7d97098a6c","hash":"6835b28ec5c84281e3b3b9cc401e5194be011ff0"}
,"/Users/HSM/Documents/dev/privat/vacation-planner-react/client/src/components/H2/H2.js": {"path":"/Users/HSM/Documents/dev/privat/vacation-planner-react/client/src/components/H2/H2.js","statementMap":{"0":{"start":{"line":13,"column":11},"end":{"line":21,"column":1}},"1":{"start":{"line":14,"column":2},"end":{"line":20,"column":7}}},"fnMap":{"0":{"name":"(anonymous_0)","decl":{"start":{"line":13,"column":11},"end":{"line":13,"column":12}},"loc":{"start":{"line":14,"column":2},"end":{"line":20,"column":7}},"line":14}},"branchMap":{},"s":{"0":5,"1":1},"f":{"0":1},"b":{},"_coverageSchema":"332fd63041d2c1bcb487cc26dd0d5f7d97098a6c","hash":"15c7d861cde93d3a230f4779357c01a4274c2287"}
,"/Users/HSM/Documents/dev/privat/vacation-planner-react/client/src/components/H2/index.js": {"path":"/Users/HSM/Documents/dev/privat/vacation-planner-react/client/src/components/H2/index.js","statementMap":{},"fnMap":{},"branchMap":{},"s":{},"f":{},"b":{},"_coverageSchema":"332fd63041d2c1bcb487cc26dd0d5f7d97098a6c","hash":"31880106916d71a9a873b8146d9bcabbe69eba77"}
,"/Users/HSM/Documents/dev/privat/vacation-planner-react/client/src/components/H3/H3.js": {"path":"/Users/HSM/Documents/dev/privat/vacation-planner-react/client/src/components/H3/H3.js","statementMap":{"0":{"start":{"line":14,"column":11},"end":{"line":22,"column":1}},"1":{"start":{"line":15,"column":2},"end":{"line":21,"column":7}}},"fnMap":{"0":{"name":"(anonymous_0)","decl":{"start":{"line":14,"column":11},"end":{"line":14,"column":12}},"loc":{"start":{"line":15,"column":2},"end":{"line":21,"column":7}},"line":15}},"branchMap":{},"s":{"0":3,"1":1},"f":{"0":1},"b":{},"_coverageSchema":"332fd63041d2c1bcb487cc26dd0d5f7d97098a6c","hash":"aede791e38ff799c9853341286c645c6c96190bb"}
,"/Users/HSM/Documents/dev/privat/vacation-planner-react/client/src/components/H3/index.js": {"path":"/Users/HSM/Documents/dev/privat/vacation-planner-react/client/src/components/H3/index.js","statementMap":{},"fnMap":{},"branchMap":{},"s":{},"f":{},"b":{},"_coverageSchema":"332fd63041d2c1bcb487cc26dd0d5f7d97098a6c","hash":"95d90ad0a3bec1ce4b01833ae06d8c0dd9b74b74"}
,"/Users/HSM/Documents/dev/privat/vacation-planner-react/client/src/components/Icon/Icon.js": {"path":"/Users/HSM/Documents/dev/privat/vacation-planner-react/client/src/components/Icon/Icon.js","statementMap":{"0":{"start":{"line":16,"column":13},"end":{"line":33,"column":1}},"1":{"start":{"line":17,"column":2},"end":{"line":32,"column":4}}},"fnMap":{"0":{"name":"(anonymous_0)","decl":{"start":{"line":16,"column":13},"end":{"line":16,"column":14}},"loc":{"start":{"line":17,"column":2},"end":{"line":32,"column":4}},"line":17}},"branchMap":{},"s":{"0":7,"1":1},"f":{"0":1},"b":{},"_coverageSchema":"332fd63041d2c1bcb487cc26dd0d5f7d97098a6c","hash":"48cda7c0fe8fa624ebffaca43bdbee1048ac19b3"}
,"/Users/HSM/Documents/dev/privat/vacation-planner-react/client/src/components/Icon/index.js": {"path":"/Users/HSM/Documents/dev/privat/vacation-planner-react/client/src/components/Icon/index.js","statementMap":{},"fnMap":{},"branchMap":{},"s":{},"f":{},"b":{},"_coverageSchema":"332fd63041d2c1bcb487cc26dd0d5f7d97098a6c","hash":"f3683051a2e6e3573c60ca8f57e4da67f3618123"}
,"/Users/HSM/Documents/dev/privat/vacation-planner-react/client/src/components/Layout/Footer/Footer.js": {"path":"/Users/HSM/Documents/dev/privat/vacation-planner-react/client/src/components/Layout/Footer/Footer.js","statementMap":{"0":{"start":{"line":10,"column":15},"end":{"line":30,"column":1}},"1":{"start":{"line":11,"column":2},"end":{"line":29,"column":11}}},"fnMap":{"0":{"name":"(anonymous_0)","decl":{"start":{"line":10,"column":15},"end":{"line":10,"column":16}},"loc":{"start":{"line":11,"column":2},"end":{"line":29,"column":11}},"line":11}},"branchMap":{},"s":{"0":2,"1":1},"f":{"0":1},"b":{},"_coverageSchema":"332fd63041d2c1bcb487cc26dd0d5f7d97098a6c","hash":"8ad1be701a7b90c6db0ffe0502b6f02b9533174a"}
,"/Users/HSM/Documents/dev/privat/vacation-planner-react/client/src/components/Layout/Footer/index.js": {"path":"/Users/HSM/Documents/dev/privat/vacation-planner-react/client/src/components/Layout/Footer/index.js","statementMap":{},"fnMap":{},"branchMap":{},"s":{},"f":{},"b":{},"_coverageSchema":"332fd63041d2c1bcb487cc26dd0d5f7d97098a6c","hash":"17be92de4c23be326028637f041c1cd31a6b7520"}
,"/Users/HSM/Documents/dev/privat/vacation-planner-react/client/src/components/Layout/Header/Header.js": {"path":"/Users/HSM/Documents/dev/privat/vacation-planner-react/client/src/components/Layout/Header/Header.js","statementMap":{"0":{"start":{"line":20,"column":4},"end":{"line":30,"column":5}},"1":{"start":{"line":21,"column":6},"end":{"line":29,"column":7}},"2":{"start":{"line":31,"column":4},"end":{"line":39,"column":5}},"3":{"start":{"line":43,"column":4},"end":{"line":49,"column":5}},"4":{"start":{"line":44,"column":6},"end":{"line":48,"column":7}},"5":{"start":{"line":50,"column":4},"end":{"line":56,"column":5}},"6":{"start":{"line":51,"column":6},"end":{"line":55,"column":7}},"7":{"start":{"line":60,"column":4},"end":{"line":74,"column":5}},"8":{"start":{"line":78,"column":24},"end":{"line":82,"column":1}},"9":{"start":{"line":79,"column":2},"end":{"line":81,"column":3}}},"fnMap":{"0":{"name":"(anonymous_0)","decl":{"start":{"line":19,"column":2},"end":{"line":19,"column":3}},"loc":{"start":{"line":19,"column":16},"end":{"line":40,"column":3}},"line":19},"1":{"name":"(anonymous_1)","decl":{"start":{"line":42,"column":2},"end":{"line":42,"column":3}},"loc":{"start":{"line":42,"column":17},"end":{"line":57,"column":3}},"line":42},"2":{"name":"(anonymous_2)","decl":{"start":{"line":59,"column":2},"end":{"line":59,"column":3}},"loc":{"start":{"line":59,"column":12},"end":{"line":75,"column":3}},"line":59},"3":{"name":"(anonymous_3)","decl":{"start":{"line":78,"column":24},"end":{"line":78,"column":25}},"loc":{"start":{"line":78,"column":38},"end":{"line":82,"column":1}},"line":78}},"branchMap":{"0":{"loc":{"start":{"line":20,"column":4},"end":{"line":30,"column":5}},"type":"if","locations":[{"start":{"line":20,"column":4},"end":{"line":30,"column":5}},{"start":{"line":20,"column":4},"end":{"line":30,"column":5}}],"line":20},"1":{"loc":{"start":{"line":43,"column":4},"end":{"line":49,"column":5}},"type":"if","locations":[{"start":{"line":43,"column":4},"end":{"line":49,"column":5}},{"start":{"line":43,"column":4},"end":{"line":49,"column":5}}],"line":43},"2":{"loc":{"start":{"line":50,"column":4},"end":{"line":56,"column":5}},"type":"if","locations":[{"start":{"line":50,"column":4},"end":{"line":56,"column":5}},{"start":{"line":50,"column":4},"end":{"line":56,"column":5}}],"line":50},"3":{"loc":{"start":{"line":50,"column":8},"end":{"line":50,"column":66}},"type":"binary-expr","locations":[{"start":{"line":50,"column":8},"end":{"line":50,"column":26}},{"start":{"line":50,"column":30},"end":{"line":50,"column":66}}],"line":50}},"s":{"0":1,"1":0,"2":1,"3":1,"4":0,"5":1,"6":0,"7":1,"8":2,"9":0},"f":{"0":1,"1":1,"2":1,"3":0},"b":{"0":[0,1],"1":[0,1],"2":[0,1],"3":[1,0]},"_coverageSchema":"332fd63041d2c1bcb487cc26dd0d5f7d97098a6c","hash":"17ebee0bc81bd821fbb03568cfb98ae35f957a34"}
,"/Users/HSM/Documents/dev/privat/vacation-planner-react/client/src/components/Layout/Header/index.js": {"path":"/Users/HSM/Documents/dev/privat/vacation-planner-react/client/src/components/Layout/Header/index.js","statementMap":{},"fnMap":{},"branchMap":{},"s":{},"f":{},"b":{},"_coverageSchema":"332fd63041d2c1bcb487cc26dd0d5f7d97098a6c","hash":"a1c5c422ef2a5e28e92b1938bf97917894d5f076"}
,"/Users/HSM/Documents/dev/privat/vacation-planner-react/client/src/components/Layout/Main/Main.js": {"path":"/Users/HSM/Documents/dev/privat/vacation-planner-react/client/src/components/Layout/Main/Main.js","statementMap":{"0":{"start":{"line":11,"column":13},"end":{"line":15,"column":1}},"1":{"start":{"line":12,"column":2},"end":{"line":14,"column":9}}},"fnMap":{"0":{"name":"(anonymous_0)","decl":{"start":{"line":11,"column":13},"end":{"line":11,"column":14}},"loc":{"start":{"line":12,"column":2},"end":{"line":14,"column":9}},"line":12}},"branchMap":{},"s":{"0":2,"1":1},"f":{"0":1},"b":{},"_coverageSchema":"332fd63041d2c1bcb487cc26dd0d5f7d97098a6c","hash":"2d4cc9bbadd7d21c6615e525e5d26464e61716f6"}
,"/Users/HSM/Documents/dev/privat/vacation-planner-react/client/src/components/Layout/Main/index.js": {"path":"/Users/HSM/Documents/dev/privat/vacation-planner-react/client/src/components/Layout/Main/index.js","statementMap":{},"fnMap":{},"branchMap":{},"s":{},"f":{},"b":{},"_coverageSchema":"332fd63041d2c1bcb487cc26dd0d5f7d97098a6c","hash":"be299cc3c0977a355ae1a914a8c45131ddf59057"}
,"/Users/HSM/Documents/dev/privat/vacation-planner-react/client/src/components/Notice/Notice.js": {"path":"/Users/HSM/Documents/dev/privat/vacation-planner-react/client/src/components/Notice/Notice.js","statementMap":{"0":{"start":{"line":15,"column":15},"end":{"line":24,"column":1}},"1":{"start":{"line":16,"column":2},"end":{"line":23,"column":8}}},"fnMap":{"0":{"name":"(anonymous_0)","decl":{"start":{"line":15,"column":15},"end":{"line":15,"column":16}},"loc":{"start":{"line":16,"column":2},"end":{"line":23,"column":8}},"line":16}},"branchMap":{},"s":{"0":3,"1":1},"f":{"0":1},"b":{},"_coverageSchema":"332fd63041d2c1bcb487cc26dd0d5f7d97098a6c","hash":"0193cf36272f49324ec4e23dcafa98f4a756e3e0"}
,"/Users/HSM/Documents/dev/privat/vacation-planner-react/client/src/components/Notice/index.js": {"path":"/Users/HSM/Documents/dev/privat/vacation-planner-react/client/src/components/Notice/index.js","statementMap":{},"fnMap":{},"branchMap":{},"s":{},"f":{},"b":{},"_coverageSchema":"332fd63041d2c1bcb487cc26dd0d5f7d97098a6c","hash":"54f5f2a2ce171163d5efc55524496f7f76f63b4b"}
,"/Users/HSM/Documents/dev/privat/vacation-planner-react/client/src/components/TextLink/TextLink.js": {"path":"/Users/HSM/Documents/dev/privat/vacation-planner-react/client/src/components/TextLink/TextLink.js","statementMap":{"0":{"start":{"line":13,"column":17},"end":{"line":17,"column":1}},"1":{"start":{"line":14,"column":2},"end":{"line":16,"column":6}}},"fnMap":{"0":{"name":"(anonymous_0)","decl":{"start":{"line":13,"column":17},"end":{"line":13,"column":18}},"loc":{"start":{"line":14,"column":2},"end":{"line":16,"column":6}},"line":14}},"branchMap":{},"s":{"0":3,"1":1},"f":{"0":1},"b":{},"_coverageSchema":"332fd63041d2c1bcb487cc26dd0d5f7d97098a6c","hash":"2fee85d8f5beae3482ab7a5fcad78386c6ebaca5"}
,"/Users/HSM/Documents/dev/privat/vacation-planner-react/client/src/components/TextLink/index.js": {"path":"/Users/HSM/Documents/dev/privat/vacation-planner-react/client/src/components/TextLink/index.js","statementMap":{},"fnMap":{},"branchMap":{},"s":{},"f":{},"b":{},"_coverageSchema":"332fd63041d2c1bcb487cc26dd0d5f7d97098a6c","hash":"a55d2cb39d51e8431a2ce17e8b043daa043cd8c4"}
,"/Users/HSM/Documents/dev/privat/vacation-planner-react/client/src/reducers/authReducer.js": {"path":"/Users/HSM/Documents/dev/privat/vacation-planner-react/client/src/reducers/authReducer.js","statementMap":{"0":{"start":{"line":4,"column":2},"end":{"line":9,"column":3}},"1":{"start":{"line":6,"column":6},"end":{"line":6,"column":36}},"2":{"start":{"line":8,"column":6},"end":{"line":8,"column":18}}},"fnMap":{"0":{"name":"(anonymous_0)","decl":{"start":{"line":3,"column":15},"end":{"line":3,"column":16}},"loc":{"start":{"line":3,"column":47},"end":{"line":10,"column":1}},"line":3}},"branchMap":{"0":{"loc":{"start":{"line":3,"column":25},"end":{"line":3,"column":37}},"type":"default-arg","locations":[{"start":{"line":3,"column":33},"end":{"line":3,"column":37}}],"line":3},"1":{"loc":{"start":{"line":4,"column":2},"end":{"line":9,"column":3}},"type":"switch","locations":[{"start":{"line":5,"column":4},"end":{"line":6,"column":36}},{"start":{"line":7,"column":4},"end":{"line":8,"column":18}}],"line":4},"2":{"loc":{"start":{"line":6,"column":13},"end":{"line":6,"column":36}},"type":"binary-expr","locations":[{"start":{"line":6,"column":13},"end":{"line":6,"column":27}},{"start":{"line":6,"column":31},"end":{"line":6,"column":36}}],"line":6}},"s":{"0":3,"1":2,"2":1},"f":{"0":3},"b":{"0":[3],"1":[2,1],"2":[2,1]},"_coverageSchema":"332fd63041d2c1bcb487cc26dd0d5f7d97098a6c","hash":"385a550c0bd5b5e48d66be9528f19de2b6da7c73"}
,"/Users/HSM/Documents/dev/privat/vacation-planner-react/client/src/reducers/dateReducer.js": {"path":"/Users/HSM/Documents/dev/privat/vacation-planner-react/client/src/reducers/dateReducer.js","statementMap":{"0":{"start":{"line":4,"column":2},"end":{"line":9,"column":3}},"1":{"start":{"line":6,"column":6},"end":{"line":6,"column":27}},"2":{"start":{"line":8,"column":6},"end":{"line":8,"column":18}}},"fnMap":{"0":{"name":"(anonymous_0)","decl":{"start":{"line":3,"column":15},"end":{"line":3,"column":16}},"loc":{"start":{"line":3,"column":53},"end":{"line":10,"column":1}},"line":3}},"branchMap":{"0":{"loc":{"start":{"line":3,"column":25},"end":{"line":3,"column":43}},"type":"default-arg","locations":[{"start":{"line":3,"column":33},"end":{"line":3,"column":43}}],"line":3},"1":{"loc":{"start":{"line":4,"column":2},"end":{"line":9,"column":3}},"type":"switch","locations":[{"start":{"line":5,"column":4},"end":{"line":6,"column":27}},{"start":{"line":7,"column":4},"end":{"line":8,"column":18}}],"line":4}},"s":{"0":2,"1":1,"2":1},"f":{"0":2},"b":{"0":[2],"1":[1,1]},"_coverageSchema":"332fd63041d2c1bcb487cc26dd0d5f7d97098a6c","hash":"509f26cd16af34b6ba828133ed6a9da83fbdcfd9"}
,"/Users/HSM/Documents/dev/privat/vacation-planner-react/client/src/reducers/index.js": {"path":"/Users/HSM/Documents/dev/privat/vacation-planner-react/client/src/reducers/index.js","statementMap":{"0":{"start":{"line":1,"column":13},"end":{"line":1,"column":75}},"1":{"start":{"line":1,"column":88},"end":{"line":1,"column":104}},"2":{"start":{"line":3,"column":19},"end":{"line":3,"column":43}},"3":{"start":{"line":3,"column":64},"end":{"line":3,"column":100}},"4":{"start":{"line":4,"column":19},"end":{"line":4,"column":43}},"5":{"start":{"line":4,"column":64},"end":{"line":4,"column":100}},"6":{"start":{"line":5,"column":20},"end":{"line":5,"column":63}},"7":{"start":{"line":5,"column":85},"end":{"line":5,"column":122}},"8":{"start":{"line":5,"column":161},"end":{"line":5,"column":215}},"9":{"start":{"line":5,"column":216},"end":{"line":10,"column":35}}},"fnMap":{"0":{"name":"_interopRequireDefault","decl":{"start":{"line":5,"column":132},"end":{"line":5,"column":154}},"loc":{"start":{"line":5,"column":160},"end":{"line":5,"column":216}},"line":5}},"branchMap":{"0":{"loc":{"start":{"line":5,"column":168},"end":{"line":5,"column":214}},"type":"cond-expr","locations":[{"start":{"line":5,"column":192},"end":{"line":5,"column":195}},{"start":{"line":5,"column":198},"end":{"line":5,"column":214}}],"line":5},"1":{"loc":{"start":{"line":5,"column":168},"end":{"line":5,"column":189}},"type":"binary-expr","locations":[{"start":{"line":5,"column":168},"end":{"line":5,"column":171}},{"start":{"line":5,"column":175},"end":{"line":5,"column":189}}],"line":5}},"s":{"0":0,"1":0,"2":0,"3":0,"4":0,"5":0,"6":0,"7":0,"8":0,"9":0},"f":{"0":0},"b":{"0":[0,0],"1":[0,0]}}
,"/Users/HSM/Documents/dev/privat/vacation-planner-react/client/src/views/Login/Login.js": {"path":"/Users/HSM/Documents/dev/privat/vacation-planner-react/client/src/views/Login/Login.js","statementMap":{"0":{"start":{"line":58,"column":4},"end":{"line":65,"column":5}},"1":{"start":{"line":59,"column":6},"end":{"line":64,"column":7}},"2":{"start":{"line":69,"column":4},"end":{"line":69,"column":26}},"3":{"start":{"line":70,"column":4},"end":{"line":73,"column":6}},"4":{"start":{"line":74,"column":4},"end":{"line":74,"column":40}},"5":{"start":{"line":78,"column":4},"end":{"line":83,"column":5}},"6":{"start":{"line":79,"column":21},"end":{"line":79,"column":33}},"7":{"start":{"line":80,"column":20},"end":{"line":80,"column":78}},"8":{"start":{"line":81,"column":19},"end":{"line":81,"column":30}},"9":{"start":{"line":82,"column":6},"end":{"line":82,"column":63}},"10":{"start":{"line":86,"column":34},"end":{"line":91,"column":3}},"11":{"start":{"line":87,"column":4},"end":{"line":89,"column":6}},"12":{"start":{"line":90,"column":4},"end":{"line":90,"column":23}},"13":{"start":{"line":94,"column":18},"end":{"line":94,"column":40}},"14":{"start":{"line":95,"column":21},"end":{"line":95,"column":46}},"15":{"start":{"line":96,"column":19},"end":{"line":96,"column":21}},"16":{"start":{"line":98,"column":4},"end":{"line":98,"column":55}},"17":{"start":{"line":99,"column":4},"end":{"line":99,"column":64}},"18":{"start":{"line":101,"column":4},"end":{"line":103,"column":6}},"19":{"start":{"line":107,"column":4},"end":{"line":109,"column":5}},"20":{"start":{"line":108,"column":6},"end":{"line":108,"column":37}},"21":{"start":{"line":113,"column":4},"end":{"line":154,"column":5}},"22":{"start":{"line":158,"column":24},"end":{"line":162,"column":1}},"23":{"start":{"line":159,"column":2},"end":{"line":161,"column":3}}},"fnMap":{"0":{"name":"(anonymous_0)","decl":{"start":{"line":57,"column":2},"end":{"line":57,"column":3}},"loc":{"start":{"line":57,"column":27},"end":{"line":66,"column":3}},"line":57},"1":{"name":"(anonymous_1)","decl":{"start":{"line":68,"column":17},"end":{"line":68,"column":18}},"loc":{"start":{"line":68,"column":49},"end":{"line":75,"column":3}},"line":68},"2":{"name":"(anonymous_2)","decl":{"start":{"line":77,"column":17},"end":{"line":77,"column":18}},"loc":{"start":{"line":77,"column":54},"end":{"line":84,"column":3}},"line":77},"3":{"name":"(anonymous_3)","decl":{"start":{"line":86,"column":15},"end":{"line":86,"column":16}},"loc":{"start":{"line":86,"column":34},"end":{"line":91,"column":3}},"line":86},"4":{"name":"(anonymous_4)","decl":{"start":{"line":86,"column":34},"end":{"line":86,"column":35}},"loc":{"start":{"line":86,"column":71},"end":{"line":91,"column":3}},"line":86},"5":{"name":"(anonymous_5)","decl":{"start":{"line":93,"column":2},"end":{"line":93,"column":3}},"loc":{"start":{"line":93,"column":18},"end":{"line":104,"column":3}},"line":93},"6":{"name":"(anonymous_6)","decl":{"start":{"line":106,"column":15},"end":{"line":106,"column":16}},"loc":{"start":{"line":106,"column":34},"end":{"line":110,"column":3}},"line":106},"7":{"name":"(anonymous_7)","decl":{"start":{"line":112,"column":2},"end":{"line":112,"column":3}},"loc":{"start":{"line":112,"column":12},"end":{"line":155,"column":3}},"line":112},"8":{"name":"(anonymous_8)","decl":{"start":{"line":158,"column":24},"end":{"line":158,"column":25}},"loc":{"start":{"line":158,"column":38},"end":{"line":162,"column":1}},"line":158}},"branchMap":{"0":{"loc":{"start":{"line":58,"column":4},"end":{"line":65,"column":5}},"type":"if","locations":[{"start":{"line":58,"column":4},"end":{"line":65,"column":5}},{"start":{"line":58,"column":4},"end":{"line":65,"column":5}}],"line":58},"1":{"loc":{"start":{"line":78,"column":4},"end":{"line":83,"column":5}},"type":"if","locations":[{"start":{"line":78,"column":4},"end":{"line":83,"column":5}},{"start":{"line":78,"column":4},"end":{"line":83,"column":5}}],"line":78},"2":{"loc":{"start":{"line":78,"column":8},"end":{"line":78,"column":29}},"type":"binary-expr","locations":[{"start":{"line":78,"column":8},"end":{"line":78,"column":13}},{"start":{"line":78,"column":17},"end":{"line":78,"column":29}}],"line":78},"3":{"loc":{"start":{"line":80,"column":20},"end":{"line":80,"column":78}},"type":"cond-expr","locations":[{"start":{"line":80,"column":49},"end":{"line":80,"column":63}},{"start":{"line":80,"column":66},"end":{"line":80,"column":78}}],"line":80},"4":{"loc":{"start":{"line":98,"column":19},"end":{"line":98,"column":55}},"type":"binary-expr","locations":[{"start":{"line":98,"column":19},"end":{"line":98,"column":32}},{"start":{"line":98,"column":36},"end":{"line":98,"column":55}}],"line":98},"5":{"loc":{"start":{"line":99,"column":22},"end":{"line":99,"column":64}},"type":"binary-expr","locations":[{"start":{"line":99,"column":22},"end":{"line":99,"column":38}},{"start":{"line":99,"column":42},"end":{"line":99,"column":64}}],"line":99},"6":{"loc":{"start":{"line":107,"column":4},"end":{"line":109,"column":5}},"type":"if","locations":[{"start":{"line":107,"column":4},"end":{"line":109,"column":5}},{"start":{"line":107,"column":4},"end":{"line":109,"column":5}}],"line":107},"7":{"loc":{"start":{"line":107,"column":8},"end":{"line":107,"column":61}},"type":"binary-expr","locations":[{"start":{"line":107,"column":8},"end":{"line":107,"column":32}},{"start":{"line":107,"column":36},"end":{"line":107,"column":61}}],"line":107}},"s":{"0":1,"1":0,"2":0,"3":0,"4":0,"5":0,"6":0,"7":0,"8":0,"9":0,"10":2,"11":0,"12":0,"13":0,"14":0,"15":0,"16":0,"17":0,"18":0,"19":2,"20":0,"21":1,"22":2,"23":0},"f":{"0":1,"1":0,"2":0,"3":2,"4":0,"5":0,"6":2,"7":1,"8":0},"b":{"0":[0,1],"1":[0,0],"2":[0,0],"3":[0,0],"4":[0,0],"5":[0,0],"6":[0,2],"7":[2,0]},"_coverageSchema":"332fd63041d2c1bcb487cc26dd0d5f7d97098a6c","hash":"8d2753ce15d0603c1d6cd008be432293c92256b7"}
,"/Users/HSM/Documents/dev/privat/vacation-planner-react/client/src/views/Login/index.js": {"path":"/Users/HSM/Documents/dev/privat/vacation-planner-react/client/src/views/Login/index.js","statementMap":{},"fnMap":{},"branchMap":{},"s":{},"f":{},"b":{},"_coverageSchema":"332fd63041d2c1bcb487cc26dd0d5f7d97098a6c","hash":"c002a447564534f8fae33e527e68572c2fe752d5"}
,"/Users/HSM/Documents/dev/privat/vacation-planner-react/client/src/views/Login/loginActions.js": {"path":"/Users/HSM/Documents/dev/privat/vacation-planner-react/client/src/views/Login/loginActions.js","statementMap":{"0":{"start":{"line":5,"column":25},"end":{"line":35,"column":1}},"1":{"start":{"line":5,"column":50},"end":{"line":35,"column":1}},"2":{"start":{"line":6,"column":2},"end":{"line":34,"column":3}},"3":{"start":{"line":7,"column":16},"end":{"line":10,"column":6}},"4":{"start":{"line":12,"column":4},"end":{"line":15,"column":6}},"5":{"start":{"line":17,"column":20},"end":{"line":20,"column":5}},"6":{"start":{"line":21,"column":4},"end":{"line":24,"column":6}},"7":{"start":{"line":26,"column":20},"end":{"line":29,"column":5}},"8":{"start":{"line":30,"column":4},"end":{"line":33,"column":6}}},"fnMap":{"0":{"name":"(anonymous_0)","decl":{"start":{"line":5,"column":25},"end":{"line":5,"column":26}},"loc":{"start":{"line":5,"column":50},"end":{"line":35,"column":1}},"line":5},"1":{"name":"(anonymous_1)","decl":{"start":{"line":5,"column":50},"end":{"line":5,"column":51}},"loc":{"start":{"line":5,"column":68},"end":{"line":35,"column":1}},"line":5}},"branchMap":{},"s":{"0":2,"1":0,"2":0,"3":0,"4":0,"5":0,"6":0,"7":0,"8":0},"f":{"0":0,"1":0},"b":{},"_coverageSchema":"332fd63041d2c1bcb487cc26dd0d5f7d97098a6c","hash":"3f97cd47ff701e2bf9c4720f055a59539e62e433"}
,"/Users/HSM/Documents/dev/privat/vacation-planner-react/client/src/views/Register/Register.js": {"path":"/Users/HSM/Documents/dev/privat/vacation-planner-react/client/src/views/Register/Register.js","statementMap":{"0":{"start":{"line":80,"column":4},"end":{"line":80,"column":26}},"1":{"start":{"line":81,"column":4},"end":{"line":81,"column":39}},"2":{"start":{"line":85,"column":4},"end":{"line":90,"column":5}},"3":{"start":{"line":86,"column":21},"end":{"line":86,"column":33}},"4":{"start":{"line":87,"column":20},"end":{"line":87,"column":78}},"5":{"start":{"line":88,"column":19},"end":{"line":88,"column":30}},"6":{"start":{"line":89,"column":6},"end":{"line":89,"column":63}},"7":{"start":{"line":93,"column":34},"end":{"line":98,"column":3}},"8":{"start":{"line":94,"column":4},"end":{"line":96,"column":6}},"9":{"start":{"line":97,"column":4},"end":{"line":97,"column":23}},"10":{"start":{"line":101,"column":19},"end":{"line":101,"column":21}},"11":{"start":{"line":103,"column":18},"end":{"line":103,"column":40}},"12":{"start":{"line":104,"column":21},"end":{"line":104,"column":46}},"13":{"start":{"line":105,"column":28},"end":{"line":105,"column":60}},"14":{"start":{"line":107,"column":4},"end":{"line":107,"column":55}},"15":{"start":{"line":108,"column":4},"end":{"line":108,"column":64}},"16":{"start":{"line":109,"column":4},"end":{"line":110,"column":63}},"17":{"start":{"line":111,"column":4},"end":{"line":114,"column":5}},"18":{"start":{"line":112,"column":6},"end":{"line":113,"column":62}},"19":{"start":{"line":116,"column":4},"end":{"line":118,"column":6}},"20":{"start":{"line":122,"column":4},"end":{"line":124,"column":5}},"21":{"start":{"line":123,"column":6},"end":{"line":123,"column":37}},"22":{"start":{"line":128,"column":4},"end":{"line":194,"column":5}}},"fnMap":{"0":{"name":"(anonymous_0)","decl":{"start":{"line":79,"column":17},"end":{"line":79,"column":18}},"loc":{"start":{"line":79,"column":35},"end":{"line":82,"column":3}},"line":79},"1":{"name":"(anonymous_1)","decl":{"start":{"line":84,"column":17},"end":{"line":84,"column":18}},"loc":{"start":{"line":84,"column":55},"end":{"line":91,"column":3}},"line":84},"2":{"name":"(anonymous_2)","decl":{"start":{"line":93,"column":15},"end":{"line":93,"column":16}},"loc":{"start":{"line":93,"column":34},"end":{"line":98,"column":3}},"line":93},"3":{"name":"(anonymous_3)","decl":{"start":{"line":93,"column":34},"end":{"line":93,"column":35}},"loc":{"start":{"line":93,"column":71},"end":{"line":98,"column":3}},"line":93},"4":{"name":"(anonymous_4)","decl":{"start":{"line":100,"column":2},"end":{"line":100,"column":3}},"loc":{"start":{"line":100,"column":18},"end":{"line":119,"column":3}},"line":100},"5":{"name":"(anonymous_5)","decl":{"start":{"line":121,"column":15},"end":{"line":121,"column":16}},"loc":{"start":{"line":121,"column":34},"end":{"line":125,"column":3}},"line":121},"6":{"name":"(anonymous_6)","decl":{"start":{"line":127,"column":2},"end":{"line":127,"column":3}},"loc":{"start":{"line":127,"column":12},"end":{"line":195,"column":3}},"line":127}},"branchMap":{"0":{"loc":{"start":{"line":85,"column":4},"end":{"line":90,"column":5}},"type":"if","locations":[{"start":{"line":85,"column":4},"end":{"line":90,"column":5}},{"start":{"line":85,"column":4},"end":{"line":90,"column":5}}],"line":85},"1":{"loc":{"start":{"line":85,"column":8},"end":{"line":85,"column":29}},"type":"binary-expr","locations":[{"start":{"line":85,"column":8},"end":{"line":85,"column":13}},{"start":{"line":85,"column":17},"end":{"line":85,"column":29}}],"line":85},"2":{"loc":{"start":{"line":87,"column":20},"end":{"line":87,"column":78}},"type":"cond-expr","locations":[{"start":{"line":87,"column":49},"end":{"line":87,"column":63}},{"start":{"line":87,"column":66},"end":{"line":87,"column":78}}],"line":87},"3":{"loc":{"start":{"line":107,"column":19},"end":{"line":107,"column":55}},"type":"binary-expr","locations":[{"start":{"line":107,"column":19},"end":{"line":107,"column":32}},{"start":{"line":107,"column":36},"end":{"line":107,"column":55}}],"line":107},"4":{"loc":{"start":{"line":108,"column":22},"end":{"line":108,"column":64}},"type":"binary-expr","locations":[{"start":{"line":108,"column":22},"end":{"line":108,"column":38}},{"start":{"line":108,"column":42},"end":{"line":108,"column":64}}],"line":108},"5":{"loc":{"start":{"line":110,"column":6},"end":{"line":110,"column":63}},"type":"binary-expr","locations":[{"start":{"line":110,"column":6},"end":{"line":110,"column":29}},{"start":{"line":110,"column":33},"end":{"line":110,"column":63}}],"line":110},"6":{"loc":{"start":{"line":111,"column":4},"end":{"line":114,"column":5}},"type":"if","locations":[{"start":{"line":111,"column":4},"end":{"line":114,"column":5}},{"start":{"line":111,"column":4},"end":{"line":114,"column":5}}],"line":111},"7":{"loc":{"start":{"line":113,"column":8},"end":{"line":113,"column":62}},"type":"binary-expr","locations":[{"start":{"line":113,"column":8},"end":{"line":113,"column":36}},{"start":{"line":113,"column":40},"end":{"line":113,"column":62}}],"line":113},"8":{"loc":{"start":{"line":122,"column":4},"end":{"line":124,"column":5}},"type":"if","locations":[{"start":{"line":122,"column":4},"end":{"line":124,"column":5}},{"start":{"line":122,"column":4},"end":{"line":124,"column":5}}],"line":122},"9":{"loc":{"start":{"line":122,"column":8},"end":{"line":122,"column":61}},"type":"binary-expr","locations":[{"start":{"line":122,"column":8},"end":{"line":122,"column":32}},{"start":{"line":122,"column":36},"end":{"line":122,"column":61}}],"line":122}},"s":{"0":0,"1":0,"2":0,"3":0,"4":0,"5":0,"6":0,"7":5,"8":0,"9":0,"10":0,"11":0,"12":0,"13":0,"14":0,"15":0,"16":0,"17":0,"18":0,"19":0,"20":5,"21":0,"22":1},"f":{"0":0,"1":0,"2":5,"3":0,"4":0,"5":5,"6":1},"b":{"0":[0,0],"1":[0,0],"2":[0,0],"3":[0,0],"4":[0,0],"5":[0,0],"6":[0,0],"7":[0,0],"8":[0,5],"9":[5,0]},"_coverageSchema":"332fd63041d2c1bcb487cc26dd0d5f7d97098a6c","hash":"258208c3c0755121af7f41023b0f0ddb296e8891"}
,"/Users/HSM/Documents/dev/privat/vacation-planner-react/client/src/views/Register/index.js": {"path":"/Users/HSM/Documents/dev/privat/vacation-planner-react/client/src/views/Register/index.js","statementMap":{},"fnMap":{},"branchMap":{},"s":{},"f":{},"b":{},"_coverageSchema":"332fd63041d2c1bcb487cc26dd0d5f7d97098a6c","hash":"b2cb8e83d9c91886a39296fcb39f91212798ae4a"}
,"/Users/HSM/Documents/dev/privat/vacation-planner-react/client/src/views/Register/registerActions.js": {"path":"/Users/HSM/Documents/dev/privat/vacation-planner-react/client/src/views/Register/registerActions.js","statementMap":{"0":{"start":{"line":5,"column":28},"end":{"line":28,"column":1}},"1":{"start":{"line":5,"column":42},"end":{"line":28,"column":1}},"2":{"start":{"line":6,"column":2},"end":{"line":27,"column":3}},"3":{"start":{"line":7,"column":16},"end":{"line":13,"column":6}},"4":{"start":{"line":15,"column":4},"end":{"line":18,"column":6}},"5":{"start":{"line":20,"column":4},"end":{"line":26,"column":6}}},"fnMap":{"0":{"name":"(anonymous_0)","decl":{"start":{"line":5,"column":28},"end":{"line":5,"column":29}},"loc":{"start":{"line":5,"column":42},"end":{"line":28,"column":1}},"line":5},"1":{"name":"(anonymous_1)","decl":{"start":{"line":5,"column":42},"end":{"line":5,"column":43}},"loc":{"start":{"line":5,"column":60},"end":{"line":28,"column":1}},"line":5}},"branchMap":{},"s":{"0":2,"1":0,"2":0,"3":0,"4":0,"5":0},"f":{"0":0,"1":0},"b":{},"_coverageSchema":"332fd63041d2c1bcb487cc26dd0d5f7d97098a6c","hash":"79cfa0ec2348f9bb80ee107fc0d26c2820afc49d"}
,"/Users/HSM/Documents/dev/privat/vacation-planner-react/client/src/views/Schedule/Schedule.js": {"path":"/Users/HSM/Documents/dev/privat/vacation-planner-react/client/src/views/Schedule/Schedule.js","statementMap":{"0":{"start":{"line":66,"column":24},"end":{"line":66,"column":61}},"1":{"start":{"line":67,"column":22},"end":{"line":67,"column":38}},"2":{"start":{"line":68,"column":17},"end":{"line":68,"column":19}},"3":{"start":{"line":70,"column":4},"end":{"line":78,"column":5}},"4":{"start":{"line":71,"column":6},"end":{"line":77,"column":8}},"5":{"start":{"line":80,"column":4},"end":{"line":88,"column":5}},"6":{"start":{"line":81,"column":6},"end":{"line":87,"column":8}},"7":{"start":{"line":90,"column":4},"end":{"line":99,"column":6}},"8":{"start":{"line":91,"column":6},"end":{"line":98,"column":8}},"9":{"start":{"line":103,"column":4},"end":{"line":103,"column":26}},"10":{"start":{"line":104,"column":4},"end":{"line":104,"column":23}},"11":{"start":{"line":105,"column":4},"end":{"line":105,"column":27}},"12":{"start":{"line":110,"column":4},"end":{"line":119,"column":5}},"13":{"start":{"line":111,"column":23},"end":{"line":111,"column":40}},"14":{"start":{"line":112,"column":6},"end":{"line":117,"column":8}},"15":{"start":{"line":113,"column":8},"end":{"line":115,"column":9}},"16":{"start":{"line":114,"column":10},"end":{"line":114,"column":41}},"17":{"start":{"line":116,"column":8},"end":{"line":116,"column":16}},"18":{"start":{"line":118,"column":6},"end":{"line":118,"column":29}},"19":{"start":{"line":123,"column":4},"end":{"line":128,"column":5}},"20":{"start":{"line":124,"column":21},"end":{"line":124,"column":33}},"21":{"start":{"line":125,"column":20},"end":{"line":125,"column":78}},"22":{"start":{"line":126,"column":19},"end":{"line":126,"column":30}},"23":{"start":{"line":127,"column":6},"end":{"line":127,"column":63}},"24":{"start":{"line":131,"column":34},"end":{"line":136,"column":3}},"25":{"start":{"line":132,"column":4},"end":{"line":134,"column":6}},"26":{"start":{"line":135,"column":4},"end":{"line":135,"column":23}},"27":{"start":{"line":139,"column":19},"end":{"line":139,"column":21}},"28":{"start":{"line":141,"column":20},"end":{"line":141,"column":44}},"29":{"start":{"line":142,"column":22},"end":{"line":142,"column":48}},"30":{"start":{"line":143,"column":19},"end":{"line":143,"column":36}},"31":{"start":{"line":145,"column":4},"end":{"line":145,"column":61}},"32":{"start":{"line":146,"column":4},"end":{"line":146,"column":67}},"33":{"start":{"line":147,"column":4},"end":{"line":147,"column":76}},"34":{"start":{"line":149,"column":4},"end":{"line":151,"column":6}},"35":{"start":{"line":155,"column":23},"end":{"line":155,"column":33}},"36":{"start":{"line":156,"column":4},"end":{"line":168,"column":5}},"37":{"start":{"line":159,"column":8},"end":{"line":166,"column":10}},"38":{"start":{"line":172,"column":4},"end":{"line":172,"column":54}},"39":{"start":{"line":176,"column":22},"end":{"line":176,"column":53}},"40":{"start":{"line":177,"column":4},"end":{"line":177,"column":34}},"41":{"start":{"line":178,"column":4},"end":{"line":180,"column":5}},"42":{"start":{"line":179,"column":6},"end":{"line":179,"column":42}},"43":{"start":{"line":181,"column":4},"end":{"line":181,"column":35}},"44":{"start":{"line":185,"column":22},"end":{"line":185,"column":53}},"45":{"start":{"line":186,"column":4},"end":{"line":186,"column":44}},"46":{"start":{"line":187,"column":4},"end":{"line":189,"column":5}},"47":{"start":{"line":188,"column":6},"end":{"line":188,"column":42}},"48":{"start":{"line":190,"column":4},"end":{"line":190,"column":35}},"49":{"start":{"line":194,"column":4},"end":{"line":196,"column":5}},"50":{"start":{"line":195,"column":6},"end":{"line":195,"column":37}},"51":{"start":{"line":200,"column":4},"end":{"line":264,"column":5}},"52":{"start":{"line":268,"column":24},"end":{"line":272,"column":1}},"53":{"start":{"line":269,"column":2},"end":{"line":271,"column":3}}},"fnMap":{"0":{"name":"(anonymous_0)","decl":{"start":{"line":65,"column":2},"end":{"line":65,"column":3}},"loc":{"start":{"line":65,"column":16},"end":{"line":100,"column":3}},"line":65},"1":{"name":"(anonymous_1)","decl":{"start":{"line":90,"column":20},"end":{"line":90,"column":21}},"loc":{"start":{"line":91,"column":6},"end":{"line":98,"column":8}},"line":91},"2":{"name":"(anonymous_2)","decl":{"start":{"line":102,"column":17},"end":{"line":102,"column":18}},"loc":{"start":{"line":102,"column":35},"end":{"line":107,"column":3}},"line":102},"3":{"name":"(anonymous_3)","decl":{"start":{"line":109,"column":17},"end":{"line":109,"column":18}},"loc":{"start":{"line":109,"column":54},"end":{"line":120,"column":3}},"line":109},"4":{"name":"(anonymous_4)","decl":{"start":{"line":112,"column":26},"end":{"line":112,"column":27}},"loc":{"start":{"line":112,"column":31},"end":{"line":117,"column":7}},"line":112},"5":{"name":"(anonymous_5)","decl":{"start":{"line":122,"column":21},"end":{"line":122,"column":22}},"loc":{"start":{"line":122,"column":59},"end":{"line":129,"column":3}},"line":122},"6":{"name":"(anonymous_6)","decl":{"start":{"line":131,"column":15},"end":{"line":131,"column":16}},"loc":{"start":{"line":131,"column":34},"end":{"line":136,"column":3}},"line":131},"7":{"name":"(anonymous_7)","decl":{"start":{"line":131,"column":34},"end":{"line":131,"column":35}},"loc":{"start":{"line":131,"column":71},"end":{"line":136,"column":3}},"line":131},"8":{"name":"(anonymous_8)","decl":{"start":{"line":138,"column":2},"end":{"line":138,"column":3}},"loc":{"start":{"line":138,"column":18},"end":{"line":152,"column":3}},"line":138},"9":{"name":"(anonymous_9)","decl":{"start":{"line":154,"column":2},"end":{"line":154,"column":3}},"loc":{"start":{"line":154,"column":24},"end":{"line":169,"column":3}},"line":154},"10":{"name":"(anonymous_10)","decl":{"start":{"line":158,"column":17},"end":{"line":158,"column":18}},"loc":{"start":{"line":159,"column":8},"end":{"line":166,"column":10}},"line":159},"11":{"name":"(anonymous_11)","decl":{"start":{"line":171,"column":2},"end":{"line":171,"column":3}},"loc":{"start":{"line":171,"column":24},"end":{"line":173,"column":3}},"line":171},"12":{"name":"(anonymous_12)","decl":{"start":{"line":175,"column":2},"end":{"line":175,"column":3}},"loc":{"start":{"line":175,"column":25},"end":{"line":182,"column":3}},"line":175},"13":{"name":"(anonymous_13)","decl":{"start":{"line":184,"column":2},"end":{"line":184,"column":3}},"loc":{"start":{"line":184,"column":21},"end":{"line":191,"column":3}},"line":184},"14":{"name":"(anonymous_14)","decl":{"start":{"line":193,"column":15},"end":{"line":193,"column":16}},"loc":{"start":{"line":193,"column":34},"end":{"line":197,"column":3}},"line":193},"15":{"name":"(anonymous_15)","decl":{"start":{"line":199,"column":2},"end":{"line":199,"column":3}},"loc":{"start":{"line":199,"column":12},"end":{"line":265,"column":3}},"line":199},"16":{"name":"(anonymous_16)","decl":{"start":{"line":268,"column":24},"end":{"line":268,"column":25}},"loc":{"start":{"line":268,"column":38},"end":{"line":272,"column":1}},"line":268}},"branchMap":{"0":{"loc":{"start":{"line":110,"column":4},"end":{"line":119,"column":5}},"type":"if","locations":[{"start":{"line":110,"column":4},"end":{"line":119,"column":5}},{"start":{"line":110,"column":4},"end":{"line":119,"column":5}}],"line":110},"1":{"loc":{"start":{"line":110,"column":8},"end":{"line":110,"column":50}},"type":"binary-expr","locations":[{"start":{"line":110,"column":8},"end":{"line":110,"column":13}},{"start":{"line":110,"column":17},"end":{"line":110,"column":29}},{"start":{"line":110,"column":33},"end":{"line":110,"column":50}}],"line":110},"2":{"loc":{"start":{"line":113,"column":8},"end":{"line":115,"column":9}},"type":"if","locations":[{"start":{"line":113,"column":8},"end":{"line":115,"column":9}},{"start":{"line":113,"column":8},"end":{"line":115,"column":9}}],"line":113},"3":{"loc":{"start":{"line":123,"column":4},"end":{"line":128,"column":5}},"type":"if","locations":[{"start":{"line":123,"column":4},"end":{"line":128,"column":5}},{"start":{"line":123,"column":4},"end":{"line":128,"column":5}}],"line":123},"4":{"loc":{"start":{"line":123,"column":8},"end":{"line":123,"column":29}},"type":"binary-expr","locations":[{"start":{"line":123,"column":8},"end":{"line":123,"column":13}},{"start":{"line":123,"column":17},"end":{"line":123,"column":29}}],"line":123},"5":{"loc":{"start":{"line":125,"column":20},"end":{"line":125,"column":78}},"type":"cond-expr","locations":[{"start":{"line":125,"column":49},"end":{"line":125,"column":63}},{"start":{"line":125,"column":66},"end":{"line":125,"column":78}}],"line":125},"6":{"loc":{"start":{"line":145,"column":21},"end":{"line":145,"column":61}},"type":"binary-expr","locations":[{"start":{"line":145,"column":21},"end":{"line":145,"column":36}},{"start":{"line":145,"column":40},"end":{"line":145,"column":61}}],"line":145},"7":{"loc":{"start":{"line":146,"column":23},"end":{"line":146,"column":67}},"type":"binary-expr","locations":[{"start":{"line":146,"column":23},"end":{"line":146,"column":40}},{"start":{"line":146,"column":44},"end":{"line":146,"column":67}}],"line":146},"8":{"loc":{"start":{"line":147,"column":20},"end":{"line":147,"column":76}},"type":"binary-expr","locations":[{"start":{"line":147,"column":20},"end":{"line":147,"column":34}},{"start":{"line":147,"column":38},"end":{"line":147,"column":76}}],"line":147},"9":{"loc":{"start":{"line":157,"column":6},"end":{"line":167,"column":8}},"type":"binary-expr","locations":[{"start":{"line":157,"column":6},"end":{"line":157,"column":19}},{"start":{"line":158,"column":6},"end":{"line":167,"column":8}}],"line":157},"10":{"loc":{"start":{"line":178,"column":4},"end":{"line":180,"column":5}},"type":"if","locations":[{"start":{"line":178,"column":4},"end":{"line":180,"column":5}},{"start":{"line":178,"column":4},"end":{"line":180,"column":5}}],"line":178},"11":{"loc":{"start":{"line":178,"column":8},"end":{"line":178,"column":59}},"type":"binary-expr","locations":[{"start":{"line":178,"column":8},"end":{"line":178,"column":31}},{"start":{"line":178,"column":35},"end":{"line":178,"column":59}}],"line":178},"12":{"loc":{"start":{"line":187,"column":4},"end":{"line":189,"column":5}},"type":"if","locations":[{"start":{"line":187,"column":4},"end":{"line":189,"column":5}},{"start":{"line":187,"column":4},"end":{"line":189,"column":5}}],"line":187},"13":{"loc":{"start":{"line":187,"column":8},"end":{"line":187,"column":59}},"type":"binary-expr","locations":[{"start":{"line":187,"column":8},"end":{"line":187,"column":31}},{"start":{"line":187,"column":35},"end":{"line":187,"column":59}}],"line":187},"14":{"loc":{"start":{"line":194,"column":4},"end":{"line":196,"column":5}},"type":"if","locations":[{"start":{"line":194,"column":4},"end":{"line":196,"column":5}},{"start":{"line":194,"column":4},"end":{"line":196,"column":5}}],"line":194},"15":{"loc":{"start":{"line":194,"column":8},"end":{"line":194,"column":61}},"type":"binary-expr","locations":[{"start":{"line":194,"column":8},"end":{"line":194,"column":32}},{"start":{"line":194,"column":36},"end":{"line":194,"column":61}}],"line":194}},"s":{"0":1,"1":1,"2":1,"3":1,"4":31,"5":1,"6":4,"7":1,"8":35,"9":0,"10":0,"11":0,"12":0,"13":0,"14":0,"15":0,"16":0,"17":0,"18":0,"19":0,"20":0,"21":0,"22":0,"23":0,"24":2,"25":0,"26":0,"27":0,"28":0,"29":0,"30":0,"31":0,"32":0,"33":0,"34":0,"35":1,"36":1,"37":2,"38":1,"39":1,"40":1,"41":1,"42":0,"43":1,"44":1,"45":1,"46":1,"47":0,"48":1,"49":2,"50":0,"51":1,"52":2,"53":0},"f":{"0":1,"1":35,"2":0,"3":0,"4":0,"5":0,"6":2,"7":0,"8":0,"9":1,"10":2,"11":1,"12":1,"13":1,"14":2,"15":1,"16":0},"b":{"0":[0,0],"1":[0,0,0],"2":[0,0],"3":[0,0],"4":[0,0],"5":[0,0],"6":[0,0],"7":[0,0],"8":[0,0],"9":[1,1],"10":[0,1],"11":[1,1],"12":[0,1],"13":[1,1],"14":[0,2],"15":[2,0]},"_coverageSchema":"332fd63041d2c1bcb487cc26dd0d5f7d97098a6c","hash":"cd1e2204b8429cc9012626ed8ecf52b8818b70d3"}
,"/Users/HSM/Documents/dev/privat/vacation-planner-react/client/src/views/Schedule/index.js": {"path":"/Users/HSM/Documents/dev/privat/vacation-planner-react/client/src/views/Schedule/index.js","statementMap":{},"fnMap":{},"branchMap":{},"s":{},"f":{},"b":{},"_coverageSchema":"332fd63041d2c1bcb487cc26dd0d5f7d97098a6c","hash":"0760db0f738a298c7731e3ab61b8c229ff75f433"}
,"/Users/HSM/Documents/dev/privat/vacation-planner-react/client/src/views/Schedule/Day/Day.js": {"path":"/Users/HSM/Documents/dev/privat/vacation-planner-react/client/src/views/Schedule/Day/Day.js","statementMap":{"0":{"start":{"line":19,"column":12},"end":{"line":37,"column":1}},"1":{"start":{"line":20,"column":2},"end":{"line":36,"column":8}},"2":{"start":{"line":30,"column":10},"end":{"line":30,"column":41}}},"fnMap":{"0":{"name":"(anonymous_0)","decl":{"start":{"line":19,"column":12},"end":{"line":19,"column":13}},"loc":{"start":{"line":20,"column":2},"end":{"line":36,"column":8}},"line":20},"1":{"name":"(anonymous_1)","decl":{"start":{"line":29,"column":19},"end":{"line":29,"column":20}},"loc":{"start":{"line":29,"column":29},"end":{"line":31,"column":9}},"line":29}},"branchMap":{"0":{"loc":{"start":{"line":28,"column":7},"end":{"line":31,"column":10}},"type":"binary-expr","locations":[{"start":{"line":28,"column":7},"end":{"line":28,"column":13}},{"start":{"line":29,"column":8},"end":{"line":31,"column":10}}],"line":28}},"s":{"0":3,"1":1,"2":0},"f":{"0":1,"1":0},"b":{"0":[1,0]},"_coverageSchema":"332fd63041d2c1bcb487cc26dd0d5f7d97098a6c","hash":"ac0e94c32266ce6f84a18016ff8683f9ae6311c4"}
,"/Users/HSM/Documents/dev/privat/vacation-planner-react/client/src/views/Schedule/Day/index.js": {"path":"/Users/HSM/Documents/dev/privat/vacation-planner-react/client/src/views/Schedule/Day/index.js","statementMap":{},"fnMap":{},"branchMap":{},"s":{},"f":{},"b":{},"_coverageSchema":"332fd63041d2c1bcb487cc26dd0d5f7d97098a6c","hash":"ebe2104533d08bf6c1e6ae1ac4a30a67635671ac"}
}
