TN:
SF:/Users/HSM/Documents/dev/privat/vacation-planner-react/client/src/index.js
FN:8,_interopRequireDefault
FNF:1
FNH:0
FNDA:0,_interopRequireDefault
DA:1,0
DA:2,0
DA:3,0
DA:4,0
DA:5,0
DA:7,0
DA:8,0
DA:10,0
DA:16,0
DA:23,0
DA:24,0
LF:11
LH:0
BRDA:8,0,0,0
BRDA:8,0,1,0
BRDA:8,1,0,0
BRDA:8,1,1,0
BRDA:12,2,0,0
BRDA:12,2,1,0
BRDA:23,3,0,0
BRDA:23,3,1,0
BRF:8
BRH:0
end_of_record
TN:
SF:/Users/HSM/Documents/dev/privat/vacation-planner-react/client/src/registerServiceWorker.js
FN:120,register
FN:124,(anonymous_1)
FN:127,(anonymous_2)
FN:128,registerValidSW
FN:128,(anonymous_4)
FN:128,(anonymous_5)
FN:128,(anonymous_6)
FN:135,(anonymous_7)
FN:135,checkValidServiceWorker
FN:136,(anonymous_9)
FN:138,(anonymous_10)
FN:138,(anonymous_11)
FN:139,(anonymous_12)
FN:139,unregister
FN:139,(anonymous_14)
FNF:15
FNH:0
FNDA:0,register
FNDA:0,(anonymous_1)
FNDA:0,(anonymous_2)
FNDA:0,registerValidSW
FNDA:0,(anonymous_4)
FNDA:0,(anonymous_5)
FNDA:0,(anonymous_6)
FNDA:0,(anonymous_7)
FNDA:0,checkValidServiceWorker
FNDA:0,(anonymous_9)
FNDA:0,(anonymous_10)
FNDA:0,(anonymous_11)
FNDA:0,(anonymous_12)
FNDA:0,unregister
FNDA:0,(anonymous_14)
DA:1,0
DA:21,0
DA:118,0
DA:120,0
DA:121,0
DA:124,0
DA:125,0
DA:127,0
DA:128,0
DA:132,0
DA:135,0
DA:136,0
DA:137,0
DA:138,0
DA:139,0
LF:15
LH:0
BRDA:118,0,0,0
BRDA:118,0,1,0
BRDA:118,0,2,0
BRDA:120,1,0,0
BRDA:120,1,1,0
BRDA:120,2,0,0
BRDA:120,2,1,0
BRDA:121,3,0,0
BRDA:121,3,1,0
BRDA:124,4,0,0
BRDA:124,4,1,0
BRDA:128,5,0,0
BRDA:128,5,1,0
BRDA:128,6,0,0
BRDA:128,6,1,0
BRDA:137,7,0,0
BRDA:137,7,1,0
BRDA:137,8,0,0
BRDA:137,8,1,0
BRDA:139,9,0,0
BRDA:139,9,1,0
BRF:21
BRH:0
end_of_record
TN:
SF:/Users/HSM/Documents/dev/privat/vacation-planner-react/client/src/setupTests.js
FNF:0
FNH:0
DA:4,21
LF:1
LH:1
BRF:0
BRH:0
end_of_record
TN:
SF:/Users/HSM/Documents/dev/privat/vacation-planner-react/client/src/actions/index.js
FN:5,(anonymous_0)
FN:5,(anonymous_1)
FN:16,(anonymous_2)
FN:16,(anonymous_3)
FNF:4
FNH:0
FNDA:0,(anonymous_0)
FNDA:0,(anonymous_1)
FNDA:0,(anonymous_2)
FNDA:0,(anonymous_3)
DA:5,1
DA:6,0
DA:10,0
DA:16,1
DA:17,0
LF:5
LH:2
BRF:0
BRH:0
end_of_record
TN:
SF:/Users/HSM/Documents/dev/privat/vacation-planner-react/client/src/actions/types.js
FNF:0
FNH:0
DA:1,6
DA:3,6
DA:4,6
DA:6,6
DA:7,6
DA:9,6
LF:6
LH:6
BRF:0
BRH:0
end_of_record
TN:
SF:/Users/HSM/Documents/dev/privat/vacation-planner-react/client/src/components/App/App.js
FN:23,(anonymous_0)
FN:27,(anonymous_1)
FNF:2
FNH:2
FNDA:1,(anonymous_0)
FNDA:1,(anonymous_1)
DA:24,1
DA:28,1
LF:2
LH:2
BRF:0
BRH:0
end_of_record
TN:
SF:/Users/HSM/Documents/dev/privat/vacation-planner-react/client/src/components/App/index.js
FN:1,_interopRequireDefault
FNF:1
FNH:0
FNDA:0,_interopRequireDefault
DA:1,0
LF:1
LH:0
BRDA:1,0,0,0
BRDA:1,0,1,0
BRDA:1,1,0,0
BRDA:1,1,1,0
BRF:4
BRH:0
end_of_record
TN:
SF:/Users/HSM/Documents/dev/privat/vacation-planner-react/client/src/components/Button/Button.js
FN:16,(anonymous_0)
FNF:1
FNH:1
FNDA:1,(anonymous_0)
DA:16,5
DA:17,1
LF:2
LH:2
BRF:0
BRH:0
end_of_record
TN:
SF:/Users/HSM/Documents/dev/privat/vacation-planner-react/client/src/components/Button/index.js
FNF:0
FNH:0
LF:0
LH:0
BRF:0
BRH:0
end_of_record
TN:
SF:/Users/HSM/Documents/dev/privat/vacation-planner-react/client/src/components/ButtonLink/ButtonLink.js
FN:16,(anonymous_0)
FNF:1
FNH:1
FNDA:1,(anonymous_0)
DA:16,5
DA:17,1
LF:2
LH:2
BRF:0
BRH:0
end_of_record
TN:
SF:/Users/HSM/Documents/dev/privat/vacation-planner-react/client/src/components/ButtonLink/index.js
FNF:0
FNH:0
LF:0
LH:0
BRF:0
BRH:0
end_of_record
TN:
SF:/Users/HSM/Documents/dev/privat/vacation-planner-react/client/src/components/Flash/Flash.js
FN:21,(anonymous_0)
FN:38,(anonymous_1)
FN:43,(anonymous_2)
FNF:3
FNH:2
FNDA:1,(anonymous_0)
FNDA:1,(anonymous_1)
FNDA:0,(anonymous_2)
DA:22,1
DA:23,0
DA:35,1
DA:39,1
DA:43,2
DA:44,0
LF:6
LH:4
BRDA:22,0,0,0
BRDA:22,0,1,1
BRF:2
BRH:1
end_of_record
TN:
SF:/Users/HSM/Documents/dev/privat/vacation-planner-react/client/src/components/Flash/flashActions.js
FN:3,(anonymous_0)
FN:3,(anonymous_1)
FNF:2
FNH:0
FNDA:0,(anonymous_0)
FNDA:0,(anonymous_1)
DA:3,2
DA:4,0
LF:2
LH:1
BRF:0
BRH:0
end_of_record
TN:
SF:/Users/HSM/Documents/dev/privat/vacation-planner-react/client/src/components/Flash/flashReducer.js
FN:3,(anonymous_0)
FNF:1
FNH:0
FNDA:0,(anonymous_0)
DA:1,0
DA:4,0
DA:6,0
DA:9,0
DA:12,0
DA:14,0
LF:6
LH:0
BRDA:3,0,0,0
BRDA:4,1,0,0
BRDA:4,1,1,0
BRDA:4,1,2,0
BRF:4
BRH:0
end_of_record
TN:
SF:/Users/HSM/Documents/dev/privat/vacation-planner-react/client/src/components/Flash/index.js
FNF:0
FNH:0
LF:0
LH:0
BRF:0
BRH:0
end_of_record
TN:
SF:/Users/HSM/Documents/dev/privat/vacation-planner-react/client/src/components/Form/Form.js
FN:17,(anonymous_0)
FNF:1
FNH:0
FNDA:0,(anonymous_0)
DA:17,4
DA:25,0
LF:2
LH:1
BRDA:29,0,0,0
BRDA:29,0,1,0
BRDA:37,1,0,0
BRDA:37,1,1,0
BRDA:43,2,0,0
BRDA:43,2,1,0
BRF:6
BRH:0
end_of_record
TN:
SF:/Users/HSM/Documents/dev/privat/vacation-planner-react/client/src/components/Form/index.js
FNF:0
FNH:0
LF:0
LH:0
BRF:0
BRH:0
end_of_record
TN:
SF:/Users/HSM/Documents/dev/privat/vacation-planner-react/client/src/components/FormCheckbox/FormCheckbox.js
FN:14,(anonymous_0)
FNF:1
FNH:1
FNDA:1,(anonymous_0)
DA:14,3
DA:15,1
LF:2
LH:2
BRDA:24,0,0,1
BRDA:24,0,1,1
BRF:2
BRH:2
end_of_record
TN:
SF:/Users/HSM/Documents/dev/privat/vacation-planner-react/client/src/components/FormCheckbox/index.js
FNF:0
FNH:0
LF:0
LH:0
BRF:0
BRH:0
end_of_record
TN:
SF:/Users/HSM/Documents/dev/privat/vacation-planner-react/client/src/components/FormInput/Input.js
FN:18,(anonymous_0)
FNF:1
FNH:1
FNDA:1,(anonymous_0)
DA:18,5
DA:19,1
LF:2
LH:2
BRDA:22,0,0,1
BRDA:22,0,1,0
BRDA:30,1,0,1
BRDA:30,1,1,1
BRDA:33,2,0,1
BRDA:33,2,1,0
BRF:6
BRH:4
end_of_record
TN:
SF:/Users/HSM/Documents/dev/privat/vacation-planner-react/client/src/components/FormInput/index.js
FNF:0
FNH:0
LF:0
LH:0
BRF:0
BRH:0
end_of_record
TN:
SF:/Users/HSM/Documents/dev/privat/vacation-planner-react/client/src/components/H1/H1.js
FN:14,(anonymous_0)
FNF:1
FNH:1
FNDA:1,(anonymous_0)
DA:14,5
DA:15,1
LF:2
LH:2
BRF:0
BRH:0
end_of_record
TN:
SF:/Users/HSM/Documents/dev/privat/vacation-planner-react/client/src/components/H1/index.js
FNF:0
FNH:0
LF:0
LH:0
BRF:0
BRH:0
end_of_record
TN:
SF:/Users/HSM/Documents/dev/privat/vacation-planner-react/client/src/components/H2/H2.js
FN:13,(anonymous_0)
FNF:1
FNH:1
FNDA:1,(anonymous_0)
DA:13,5
DA:14,1
LF:2
LH:2
BRF:0
BRH:0
end_of_record
TN:
SF:/Users/HSM/Documents/dev/privat/vacation-planner-react/client/src/components/H2/index.js
FNF:0
FNH:0
LF:0
LH:0
BRF:0
BRH:0
end_of_record
TN:
SF:/Users/HSM/Documents/dev/privat/vacation-planner-react/client/src/components/H3/H3.js
FN:14,(anonymous_0)
FNF:1
FNH:1
FNDA:1,(anonymous_0)
DA:14,3
DA:15,1
LF:2
LH:2
BRF:0
BRH:0
end_of_record
TN:
SF:/Users/HSM/Documents/dev/privat/vacation-planner-react/client/src/components/H3/index.js
FNF:0
FNH:0
LF:0
LH:0
BRF:0
BRH:0
end_of_record
TN:
SF:/Users/HSM/Documents/dev/privat/vacation-planner-react/client/src/components/Icon/Icon.js
FN:16,(anonymous_0)
FNF:1
FNH:1
FNDA:1,(anonymous_0)
DA:16,7
DA:17,1
LF:2
LH:2
BRF:0
BRH:0
end_of_record
TN:
SF:/Users/HSM/Documents/dev/privat/vacation-planner-react/client/src/components/Icon/index.js
FNF:0
FNH:0
LF:0
LH:0
BRF:0
BRH:0
end_of_record
TN:
SF:/Users/HSM/Documents/dev/privat/vacation-planner-react/client/src/components/Layout/Footer/Footer.js
FN:10,(anonymous_0)
FNF:1
FNH:1
FNDA:1,(anonymous_0)
DA:10,2
DA:11,1
LF:2
LH:2
BRF:0
BRH:0
end_of_record
TN:
SF:/Users/HSM/Documents/dev/privat/vacation-planner-react/client/src/components/Layout/Footer/index.js
FNF:0
FNH:0
LF:0
LH:0
BRF:0
BRH:0
end_of_record
TN:
SF:/Users/HSM/Documents/dev/privat/vacation-planner-react/client/src/components/Layout/Header/Header.js
FN:19,(anonymous_0)
FN:42,(anonymous_1)
FN:59,(anonymous_2)
FN:78,(anonymous_3)
FNF:4
FNH:3
FNDA:1,(anonymous_0)
FNDA:1,(anonymous_1)
FNDA:1,(anonymous_2)
FNDA:0,(anonymous_3)
DA:20,1
DA:21,0
DA:31,1
DA:43,1
DA:44,0
DA:50,1
DA:51,0
DA:60,1
DA:78,2
DA:79,0
LF:10
LH:6
BRDA:20,0,0,0
BRDA:20,0,1,1
BRDA:43,1,0,0
BRDA:43,1,1,1
BRDA:50,2,0,0
BRDA:50,2,1,1
BRDA:50,3,0,1
BRDA:50,3,1,0
BRF:8
BRH:4
end_of_record
TN:
SF:/Users/HSM/Documents/dev/privat/vacation-planner-react/client/src/components/Layout/Header/index.js
FNF:0
FNH:0
LF:0
LH:0
BRF:0
BRH:0
end_of_record
TN:
SF:/Users/HSM/Documents/dev/privat/vacation-planner-react/client/src/components/Layout/Main/Main.js
FN:11,(anonymous_0)
FNF:1
FNH:1
FNDA:1,(anonymous_0)
DA:11,2
DA:12,1
LF:2
LH:2
BRF:0
BRH:0
end_of_record
TN:
SF:/Users/HSM/Documents/dev/privat/vacation-planner-react/client/src/components/Layout/Main/index.js
FNF:0
FNH:0
LF:0
LH:0
BRF:0
BRH:0
end_of_record
TN:
SF:/Users/HSM/Documents/dev/privat/vacation-planner-react/client/src/components/Notice/Notice.js
FN:15,(anonymous_0)
FNF:1
FNH:1
FNDA:1,(anonymous_0)
DA:15,3
DA:16,1
LF:2
LH:2
BRF:0
BRH:0
end_of_record
TN:
SF:/Users/HSM/Documents/dev/privat/vacation-planner-react/client/src/components/Notice/index.js
FNF:0
FNH:0
LF:0
LH:0
BRF:0
BRH:0
end_of_record
TN:
SF:/Users/HSM/Documents/dev/privat/vacation-planner-react/client/src/components/TextLink/TextLink.js
FN:13,(anonymous_0)
FNF:1
FNH:1
FNDA:1,(anonymous_0)
DA:13,3
DA:14,1
LF:2
LH:2
BRF:0
BRH:0
end_of_record
TN:
SF:/Users/HSM/Documents/dev/privat/vacation-planner-react/client/src/components/TextLink/index.js
FNF:0
FNH:0
LF:0
LH:0
BRF:0
BRH:0
end_of_record
TN:
SF:/Users/HSM/Documents/dev/privat/vacation-planner-react/client/src/reducers/authReducer.js
FN:3,(anonymous_0)
FNF:1
FNH:1
FNDA:3,(anonymous_0)
DA:4,3
DA:6,2
DA:8,1
LF:3
LH:3
BRDA:3,0,0,3
BRDA:4,1,0,2
BRDA:4,1,1,1
BRDA:6,2,0,2
BRDA:6,2,1,1
BRF:5
BRH:5
end_of_record
TN:
SF:/Users/HSM/Documents/dev/privat/vacation-planner-react/client/src/reducers/dateReducer.js
FN:3,(anonymous_0)
FNF:1
FNH:1
FNDA:2,(anonymous_0)
DA:4,2
DA:6,1
DA:8,1
LF:3
LH:3
BRDA:3,0,0,2
BRDA:4,1,0,1
BRDA:4,1,1,1
BRF:3
BRH:3
end_of_record
TN:
SF:/Users/HSM/Documents/dev/privat/vacation-planner-react/client/src/reducers/index.js
FN:5,_interopRequireDefault
FNF:1
FNH:0
FNDA:0,_interopRequireDefault
DA:1,0
DA:3,0
DA:4,0
DA:5,0
LF:4
LH:0
BRDA:5,0,0,0
BRDA:5,0,1,0
BRDA:5,1,0,0
BRDA:5,1,1,0
BRF:4
BRH:0
end_of_record
TN:
SF:/Users/HSM/Documents/dev/privat/vacation-planner-react/client/src/views/Login/Login.js
FN:57,(anonymous_0)
FN:68,(anonymous_1)
FN:77,(anonymous_2)
FN:86,(anonymous_3)
FN:86,(anonymous_4)
FN:93,(anonymous_5)
FN:106,(anonymous_6)
FN:112,(anonymous_7)
FN:158,(anonymous_8)
FNF:9
FNH:4
FNDA:1,(anonymous_0)
FNDA:0,(anonymous_1)
FNDA:0,(anonymous_2)
FNDA:2,(anonymous_3)
FNDA:0,(anonymous_4)
FNDA:0,(anonymous_5)
FNDA:2,(anonymous_6)
FNDA:1,(anonymous_7)
FNDA:0,(anonymous_8)
DA:58,1
DA:59,0
DA:69,0
DA:70,0
DA:74,0
DA:78,0
DA:79,0
DA:80,0
DA:81,0
DA:82,0
DA:86,2
DA:87,0
DA:90,0
DA:94,0
DA:95,0
DA:96,0
DA:98,0
DA:99,0
DA:101,0
DA:107,2
DA:108,0
DA:113,1
DA:158,2
DA:159,0
LF:24
LH:5
BRDA:58,0,0,0
BRDA:58,0,1,1
BRDA:78,1,0,0
BRDA:78,1,1,0
BRDA:78,2,0,0
BRDA:78,2,1,0
BRDA:80,3,0,0
BRDA:80,3,1,0
BRDA:98,4,0,0
BRDA:98,4,1,0
BRDA:99,5,0,0
BRDA:99,5,1,0
BRDA:107,6,0,0
BRDA:107,6,1,2
BRDA:107,7,0,2
BRDA:107,7,1,0
BRF:16
BRH:3
end_of_record
TN:
SF:/Users/HSM/Documents/dev/privat/vacation-planner-react/client/src/views/Login/index.js
FNF:0
FNH:0
LF:0
LH:0
BRF:0
BRH:0
end_of_record
TN:
SF:/Users/HSM/Documents/dev/privat/vacation-planner-react/client/src/views/Login/loginActions.js
FN:5,(anonymous_0)
FN:5,(anonymous_1)
FNF:2
FNH:0
FNDA:0,(anonymous_0)
FNDA:0,(anonymous_1)
DA:5,2
DA:6,0
DA:7,0
DA:12,0
DA:17,0
DA:21,0
DA:26,0
DA:30,0
LF:8
LH:1
BRF:0
BRH:0
end_of_record
TN:
SF:/Users/HSM/Documents/dev/privat/vacation-planner-react/client/src/views/Register/Register.js
FN:79,(anonymous_0)
FN:84,(anonymous_1)
FN:93,(anonymous_2)
FN:93,(anonymous_3)
FN:100,(anonymous_4)
FN:121,(anonymous_5)
FN:127,(anonymous_6)
FNF:7
FNH:3
FNDA:0,(anonymous_0)
FNDA:0,(anonymous_1)
FNDA:5,(anonymous_2)
FNDA:0,(anonymous_3)
FNDA:0,(anonymous_4)
FNDA:5,(anonymous_5)
FNDA:1,(anonymous_6)
DA:80,0
DA:81,0
DA:85,0
DA:86,0
DA:87,0
DA:88,0
DA:89,0
DA:93,5
DA:94,0
DA:97,0
DA:101,0
DA:103,0
DA:104,0
DA:105,0
DA:107,0
DA:108,0
DA:109,0
DA:111,0
DA:112,0
DA:116,0
DA:122,5
DA:123,0
DA:128,1
LF:23
LH:3
BRDA:85,0,0,0
BRDA:85,0,1,0
BRDA:85,1,0,0
BRDA:85,1,1,0
BRDA:87,2,0,0
BRDA:87,2,1,0
BRDA:107,3,0,0
BRDA:107,3,1,0
BRDA:108,4,0,0
BRDA:108,4,1,0
BRDA:110,5,0,0
BRDA:110,5,1,0
BRDA:111,6,0,0
BRDA:111,6,1,0
BRDA:113,7,0,0
BRDA:113,7,1,0
BRDA:122,8,0,0
BRDA:122,8,1,5
BRDA:122,9,0,5
BRDA:122,9,1,0
BRF:20
BRH:2
end_of_record
TN:
SF:/Users/HSM/Documents/dev/privat/vacation-planner-react/client/src/views/Register/index.js
FNF:0
FNH:0
LF:0
LH:0
BRF:0
BRH:0
end_of_record
TN:
SF:/Users/HSM/Documents/dev/privat/vacation-planner-react/client/src/views/Register/registerActions.js
FN:5,(anonymous_0)
FN:5,(anonymous_1)
FNF:2
FNH:0
FNDA:0,(anonymous_0)
FNDA:0,(anonymous_1)
DA:5,2
DA:6,0
DA:7,0
DA:15,0
DA:20,0
LF:5
LH:1
BRF:0
BRH:0
end_of_record
TN:
SF:/Users/HSM/Documents/dev/privat/vacation-planner-react/client/src/views/Schedule/Schedule.js
FN:65,(anonymous_0)
FN:90,(anonymous_1)
FN:102,(anonymous_2)
FN:109,(anonymous_3)
FN:112,(anonymous_4)
FN:122,(anonymous_5)
FN:131,(anonymous_6)
FN:131,(anonymous_7)
FN:138,(anonymous_8)
FN:154,(anonymous_9)
FN:158,(anonymous_10)
FN:171,(anonymous_11)
FN:175,(anonymous_12)
FN:184,(anonymous_13)
FN:193,(anonymous_14)
FN:199,(anonymous_15)
FN:268,(anonymous_16)
FNF:17
FNH:10
FNDA:1,(anonymous_0)
FNDA:35,(anonymous_1)
FNDA:0,(anonymous_2)
FNDA:0,(anonymous_3)
FNDA:0,(anonymous_4)
FNDA:0,(anonymous_5)
FNDA:2,(anonymous_6)
FNDA:0,(anonymous_7)
FNDA:0,(anonymous_8)
FNDA:1,(anonymous_9)
FNDA:2,(anonymous_10)
FNDA:1,(anonymous_11)
FNDA:1,(anonymous_12)
FNDA:1,(anonymous_13)
FNDA:2,(anonymous_14)
FNDA:1,(anonymous_15)
FNDA:0,(anonymous_16)
DA:66,1
DA:67,1
DA:68,1
DA:70,1
DA:71,31
DA:80,1
DA:81,4
DA:90,1
DA:91,35
DA:103,0
DA:104,0
DA:105,0
DA:110,0
DA:111,0
DA:112,0
DA:113,0
DA:114,0
DA:116,0
DA:118,0
DA:123,0
DA:124,0
DA:125,0
DA:126,0
DA:127,0
DA:131,2
DA:132,0
DA:135,0
DA:139,0
DA:141,0
DA:142,0
DA:143,0
DA:145,0
DA:146,0
DA:147,0
DA:149,0
DA:155,1
DA:156,1
DA:159,2
DA:172,1
DA:176,1
DA:177,1
DA:178,1
DA:179,0
DA:181,1
DA:185,1
DA:186,1
DA:187,1
DA:188,0
DA:190,1
DA:194,2
DA:195,0
DA:200,1
DA:268,2
DA:269,0
LF:54
LH:25
BRDA:110,0,0,0
BRDA:110,0,1,0
BRDA:110,1,0,0
BRDA:110,1,1,0
BRDA:110,1,2,0
BRDA:113,2,0,0
BRDA:113,2,1,0
BRDA:123,3,0,0
BRDA:123,3,1,0
BRDA:123,4,0,0
BRDA:123,4,1,0
BRDA:125,5,0,0
BRDA:125,5,1,0
BRDA:145,6,0,0
BRDA:145,6,1,0
BRDA:146,7,0,0
BRDA:146,7,1,0
BRDA:147,8,0,0
BRDA:147,8,1,0
BRDA:157,9,0,1
BRDA:157,9,1,1
BRDA:178,10,0,0
BRDA:178,10,1,1
BRDA:178,11,0,1
BRDA:178,11,1,1
BRDA:187,12,0,0
BRDA:187,12,1,1
BRDA:187,13,0,1
BRDA:187,13,1,1
BRDA:194,14,0,0
BRDA:194,14,1,2
BRDA:194,15,0,2
BRDA:194,15,1,0
BRF:33
BRH:10
end_of_record
TN:
SF:/Users/HSM/Documents/dev/privat/vacation-planner-react/client/src/views/Schedule/index.js
FNF:0
FNH:0
LF:0
LH:0
BRF:0
BRH:0
end_of_record
TN:
SF:/Users/HSM/Documents/dev/privat/vacation-planner-react/client/src/views/Schedule/Day/Day.js
FN:19,(anonymous_0)
FN:29,(anonymous_1)
FNF:2
FNH:1
FNDA:1,(anonymous_0)
FNDA:0,(anonymous_1)
DA:19,3
DA:20,1
DA:30,0
LF:3
LH:2
BRDA:28,0,0,1
BRDA:28,0,1,0
BRF:2
BRH:1
end_of_record
TN:
SF:/Users/HSM/Documents/dev/privat/vacation-planner-react/client/src/views/Schedule/Day/index.js
FNF:0
FNH:0
LF:0
LH:0
BRF:0
BRH:0
end_of_record
